---------------------------------------------------------------
[ 2018-02-13T13:22:05+08:00 ] 127.0.0.1 GET /index.php/admin/login/index.html
[ info ] test.gmsh.com/index.php/admin/login/index.html [运行时间：0.065004s][吞吐率：15.38req/s] [内存消耗：1,450.46kb] [文件加载：48]
[ info ] [ LANG ] E:\new_gmsh\thinkphp\lang\zh-cn.php
[ info ] [ ROUTE ] array (
  'type' => 'module',
  'module' => 
  array (
    0 => 'admin',
    1 => 'login',
    2 => 'index',
  ),
)
[ info ] [ HEADER ] array (
  'cookie' => 'pgv_pvi=2862968832; Hm_lvt_080836300300be57b7f34f4b3e97d911=1518269189,1518269947,1518351768,1518411014',
  'accept-language' => 'zh-CN,zh;q=0.8',
  'accept-encoding' => 'gzip, deflate, sdch',
  'accept' => 'text/html,application/xhtml+xml,application/xml;q=0.9,image/webp,*/*;q=0.8',
  'user-agent' => 'Mozilla/5.0 (Windows NT 6.1; Win64; x64) AppleWebKit/537.36 (KHTML, like Gecko) Chrome/56.0.2924.87 Safari/537.36',
  'upgrade-insecure-requests' => '1',
  'cache-control' => 'max-age=0',
  'connection' => 'keep-alive',
  'host' => 'test.gmsh.com',
  'content-length' => '',
  'content-type' => '',
)
[ info ] [ PARAM ] array (
)
[ info ] [ RUN ] app\admin\controller\Login->index[ E:\new_gmsh\application\admin\controller\Login.php ]
[ info ] [ VIEW ] E:\new_gmsh\public/../application/admin\view\login\login.html [ array (
) ]
[ info ] [ LOG ] INIT File
---------------------------------------------------------------
[ 2018-02-13T13:22:05+08:00 ] 127.0.0.1 GET /index.php/captcha.html
[ info ] test.gmsh.com/index.php/captcha.html [运行时间：0.034002s][吞吐率：29.41req/s] [内存消耗：1,055.28kb] [文件加载：34]
[ info ] [ LANG ] E:\new_gmsh\thinkphp\lang\zh-cn.php
[ info ] [ ROUTE ] array (
  'type' => 'method',
  'method' => 
  array (
    0 => '\\think\\captcha\\CaptchaController',
    1 => 'index',
  ),
  'var' => 
  array (
  ),
)
[ info ] [ HEADER ] array (
  'cookie' => 'pgv_pvi=2862968832; Hm_lvt_080836300300be57b7f34f4b3e97d911=1518269189,1518269947,1518351768,1518411014',
  'accept-language' => 'zh-CN,zh;q=0.8',
  'accept-encoding' => 'gzip, deflate, sdch',
  'referer' => 'http://test.gmsh.com/index.php/admin/login/index.html',
  'accept' => 'image/webp,image/*,*/*;q=0.8',
  'user-agent' => 'Mozilla/5.0 (Windows NT 6.1; Win64; x64) AppleWebKit/537.36 (KHTML, like Gecko) Chrome/56.0.2924.87 Safari/537.36',
  'cache-control' => 'max-age=0',
  'connection' => 'keep-alive',
  'host' => 'test.gmsh.com',
  'content-length' => '',
  'content-type' => '',
)
[ info ] [ PARAM ] array (
  'id' => NULL,
)
[ info ] [ RUN ] think\captcha\CaptchaController->index[ E:\new_gmsh\vendor\topthink\think-captcha\src\CaptchaController.php ]
[ info ] [ SESSION ] INIT array (
  'id' => '',
  'var_session_id' => '',
  'prefix' => 'think',
  'type' => '',
  'auto_start' => true,
)
[ info ] [ LOG ] INIT File
---------------------------------------------------------------
[ 2018-02-13T13:22:13+08:00 ] 127.0.0.1 POST /index.php/admin/login/index.html
[ info ] test.gmsh.com/index.php/admin/login/index.html [运行时间：0.044002s][吞吐率：22.73req/s] [内存消耗：1,438.03kb] [文件加载：48]
[ info ] [ LANG ] E:\new_gmsh\thinkphp\lang\zh-cn.php
[ info ] [ ROUTE ] array (
  'type' => 'module',
  'module' => 
  array (
    0 => 'admin',
    1 => 'login',
    2 => 'index',
  ),
)
[ info ] [ HEADER ] array (
  'cookie' => 'pgv_pvi=2862968832; PHPSESSID=omsmsni0ag911movlkvipfamr2; Hm_lvt_080836300300be57b7f34f4b3e97d911=1518269947,1518351768,1518411014,1518499326; Hm_lpvt_080836300300be57b7f34f4b3e97d911=1518499326',
  'accept-language' => 'zh-CN,zh;q=0.8',
  'accept-encoding' => 'gzip, deflate',
  'referer' => 'http://test.gmsh.com/index.php/admin/login/index.html',
  'accept' => 'text/html,application/xhtml+xml,application/xml;q=0.9,image/webp,*/*;q=0.8',
  'content-type' => 'application/x-www-form-urlencoded',
  'user-agent' => 'Mozilla/5.0 (Windows NT 6.1; Win64; x64) AppleWebKit/537.36 (KHTML, like Gecko) Chrome/56.0.2924.87 Safari/537.36',
  'upgrade-insecure-requests' => '1',
  'origin' => 'http://test.gmsh.com',
  'cache-control' => 'max-age=0',
  'content-length' => '45',
  'connection' => 'keep-alive',
  'host' => 'test.gmsh.com',
)
[ info ] [ PARAM ] array (
  'username' => 'gmadmin',
  'password' => 'gmsh1989',
  'code' => 'ua758',
)
[ info ] [ RUN ] app\admin\controller\Login->index[ E:\new_gmsh\application\admin\controller\Login.php ]
[ info ] [ SESSION ] INIT array (
  'id' => '',
  'var_session_id' => '',
  'prefix' => 'think',
  'type' => '',
  'auto_start' => true,
)
[ info ] [ VIEW ] E:\new_gmsh\thinkphp\tpl\dispatch_jump.tpl [ array (
  0 => 'code',
  1 => 'msg',
  2 => 'data',
  3 => 'url',
  4 => 'wait',
) ]
[ info ] [ LOG ] INIT File
---------------------------------------------------------------
[ 2018-02-13T13:22:14+08:00 ] 127.0.0.1 GET /index.php/admin/login/index.html
[ info ] test.gmsh.com/index.php/admin/login/index.html [运行时间：0.040002s][吞吐率：25.00req/s] [内存消耗：1,450.76kb] [文件加载：48]
[ info ] [ LANG ] E:\new_gmsh\thinkphp\lang\zh-cn.php
[ info ] [ ROUTE ] array (
  'type' => 'module',
  'module' => 
  array (
    0 => 'admin',
    1 => 'login',
    2 => 'index',
  ),
)
[ info ] [ HEADER ] array (
  'cookie' => 'thinkphp_show_page_trace=0|0; pgv_pvi=2862968832; PHPSESSID=omsmsni0ag911movlkvipfamr2; Hm_lvt_080836300300be57b7f34f4b3e97d911=1518269947,1518351768,1518411014,1518499326; Hm_lpvt_080836300300be57b7f34f4b3e97d911=1518499326',
  'accept-language' => 'zh-CN,zh;q=0.8',
  'accept-encoding' => 'gzip, deflate, sdch',
  'referer' => 'http://test.gmsh.com/index.php/admin/login/index.html',
  'accept' => 'text/html,application/xhtml+xml,application/xml;q=0.9,image/webp,*/*;q=0.8',
  'user-agent' => 'Mozilla/5.0 (Windows NT 6.1; Win64; x64) AppleWebKit/537.36 (KHTML, like Gecko) Chrome/56.0.2924.87 Safari/537.36',
  'upgrade-insecure-requests' => '1',
  'connection' => 'keep-alive',
  'host' => 'test.gmsh.com',
  'content-length' => '',
  'content-type' => '',
)
[ info ] [ PARAM ] array (
)
[ info ] [ RUN ] app\admin\controller\Login->index[ E:\new_gmsh\application\admin\controller\Login.php ]
[ info ] [ VIEW ] E:\new_gmsh\public/../application/admin\view\login\login.html [ array (
) ]
[ info ] [ LOG ] INIT File
---------------------------------------------------------------
[ 2018-02-13T13:22:14+08:00 ] 127.0.0.1 GET /index.php/captcha.html
[ info ] test.gmsh.com/index.php/captcha.html [运行时间：0.026001s][吞吐率：38.46req/s] [内存消耗：1,055.88kb] [文件加载：34]
[ info ] [ LANG ] E:\new_gmsh\thinkphp\lang\zh-cn.php
[ info ] [ ROUTE ] array (
  'type' => 'method',
  'method' => 
  array (
    0 => '\\think\\captcha\\CaptchaController',
    1 => 'index',
  ),
  'var' => 
  array (
  ),
)
[ info ] [ HEADER ] array (
  'cookie' => 'pgv_pvi=2862968832; PHPSESSID=omsmsni0ag911movlkvipfamr2; Hm_lvt_080836300300be57b7f34f4b3e97d911=1518269947,1518351768,1518411014,1518499326; Hm_lpvt_080836300300be57b7f34f4b3e97d911=1518499326',
  'accept-language' => 'zh-CN,zh;q=0.8',
  'accept-encoding' => 'gzip, deflate, sdch',
  'referer' => 'http://test.gmsh.com/index.php/admin/login/index.html',
  'accept' => 'image/webp,image/*,*/*;q=0.8',
  'user-agent' => 'Mozilla/5.0 (Windows NT 6.1; Win64; x64) AppleWebKit/537.36 (KHTML, like Gecko) Chrome/56.0.2924.87 Safari/537.36',
  'connection' => 'keep-alive',
  'host' => 'test.gmsh.com',
  'content-length' => '',
  'content-type' => '',
)
[ info ] [ PARAM ] array (
  'id' => NULL,
)
[ info ] [ RUN ] think\captcha\CaptchaController->index[ E:\new_gmsh\vendor\topthink\think-captcha\src\CaptchaController.php ]
[ info ] [ SESSION ] INIT array (
  'id' => '',
  'var_session_id' => '',
  'prefix' => 'think',
  'type' => '',
  'auto_start' => true,
)
[ info ] [ LOG ] INIT File
---------------------------------------------------------------
[ 2018-02-13T13:22:22+08:00 ] 127.0.0.1 POST /index.php/admin/login/index.html
[ info ] test.gmsh.com/index.php/admin/login/index.html [运行时间：0.079004s][吞吐率：12.66req/s] [内存消耗：1,871.80kb] [文件加载：51]
[ info ] [ LANG ] E:\new_gmsh\thinkphp\lang\zh-cn.php
[ info ] [ ROUTE ] array (
  'type' => 'module',
  'module' => 
  array (
    0 => 'admin',
    1 => 'login',
    2 => 'index',
  ),
)
[ info ] [ HEADER ] array (
  'cookie' => 'thinkphp_show_page_trace=0|0; pgv_pvi=2862968832; PHPSESSID=omsmsni0ag911movlkvipfamr2; Hm_lvt_080836300300be57b7f34f4b3e97d911=1518269947,1518351768,1518411014,1518499326; Hm_lpvt_080836300300be57b7f34f4b3e97d911=1518499335',
  'accept-language' => 'zh-CN,zh;q=0.8',
  'accept-encoding' => 'gzip, deflate',
  'referer' => 'http://test.gmsh.com/index.php/admin/login/index.html',
  'accept' => 'text/html,application/xhtml+xml,application/xml;q=0.9,image/webp,*/*;q=0.8',
  'content-type' => 'application/x-www-form-urlencoded',
  'user-agent' => 'Mozilla/5.0 (Windows NT 6.1; Win64; x64) AppleWebKit/537.36 (KHTML, like Gecko) Chrome/56.0.2924.87 Safari/537.36',
  'upgrade-insecure-requests' => '1',
  'origin' => 'http://test.gmsh.com',
  'cache-control' => 'max-age=0',
  'content-length' => '45',
  'connection' => 'keep-alive',
  'host' => 'test.gmsh.com',
)
[ info ] [ PARAM ] array (
  'username' => 'gmadmin',
  'password' => 'gmsh1989',
  'code' => 'bhwhs',
)
[ info ] [ RUN ] app\admin\controller\Login->index[ E:\new_gmsh\application\admin\controller\Login.php ]
[ info ] [ SESSION ] INIT array (
  'id' => '',
  'var_session_id' => '',
  'prefix' => 'think',
  'type' => '',
  'auto_start' => true,
)
[ info ] [ DB ] INIT mysql
[ info ] [ LOG ] INIT File
[ sql ] [ DB ] CONNECT:[ UseTime:0.002000s ] mysql:host=127.0.0.1;port=3306;dbname=gmsh;charset=utf8
[ sql ] [ SQL ] SHOW COLUMNS FROM `gm_admin` [ RunTime:0.032002s ]
[ sql ] [ SQL ] SELECT * FROM `gm_admin` WHERE  `username` = 'gmadmin' LIMIT 1 [ RunTime:0.001000s ]
[ sql ] [ SQL ] UPDATE `gm_admin`  SET `ip`='127.0.0.1',`last_time`='2018-02-13 01:22:22'  WHERE  `username` = 'gmadmin' [ RunTime:0.001000s ]
---------------------------------------------------------------
[ 2018-02-13T13:22:22+08:00 ] 127.0.0.1 GET /index.php/admin/index/index.html
[ info ] test.gmsh.com/index.php/admin/index/index.html [运行时间：0.034002s][吞吐率：29.41req/s] [内存消耗：1,480.91kb] [文件加载：49]
[ info ] [ LANG ] E:\new_gmsh\thinkphp\lang\zh-cn.php
[ info ] [ ROUTE ] array (
  'type' => 'module',
  'module' => 
  array (
    0 => 'admin',
    1 => 'index',
    2 => 'index',
  ),
)
[ info ] [ HEADER ] array (
  'cookie' => 'pgv_pvi=2862968832; PHPSESSID=omsmsni0ag911movlkvipfamr2; Hm_lvt_080836300300be57b7f34f4b3e97d911=1518269947,1518351768,1518411014,1518499326; Hm_lpvt_080836300300be57b7f34f4b3e97d911=1518499335; admin=think%3A%7B%22id%22%3A%221%22%2C%22username%22%3A%22gmadmin%22%2C%22password%22%3A%2226d2b97525389a472c5a1c0413fb5e5f%22%2C%22role_id%22%3Anull%2C%22ip%22%3A%22127.0.0.1%22%2C%22last_time%22%3A%222018-02-12%2B12%253A50%253A20%22%2C%22rand_str%22%3A%22IXCTcR%22%7D',
  'accept-language' => 'zh-CN,zh;q=0.8',
  'accept-encoding' => 'gzip, deflate, sdch',
  'referer' => 'http://test.gmsh.com/index.php/admin/login/index.html',
  'accept' => 'text/html,application/xhtml+xml,application/xml;q=0.9,image/webp,*/*;q=0.8',
  'user-agent' => 'Mozilla/5.0 (Windows NT 6.1; Win64; x64) AppleWebKit/537.36 (KHTML, like Gecko) Chrome/56.0.2924.87 Safari/537.36',
  'upgrade-insecure-requests' => '1',
  'cache-control' => 'max-age=0',
  'connection' => 'keep-alive',
  'host' => 'test.gmsh.com',
  'content-length' => '',
  'content-type' => '',
)
[ info ] [ PARAM ] array (
)
[ info ] [ SESSION ] INIT array (
  'id' => '',
  'var_session_id' => '',
  'prefix' => 'think',
  'type' => '',
  'auto_start' => true,
)
[ info ] [ RUN ] app\admin\controller\Index->index[ E:\new_gmsh\application\admin\controller\Index.php ]
[ info ] [ VIEW ] E:\new_gmsh\public/../application/admin\view\index\index.html [ array (
) ]
[ info ] [ LOG ] INIT File
---------------------------------------------------------------
[ 2018-02-13T13:22:22+08:00 ] 127.0.0.1 GET /index.php/admin/index/welcome.html
[ info ] test.gmsh.com/index.php/admin/index/welcome.html [运行时间：0.034002s][吞吐率：29.41req/s] [内存消耗：1,404.78kb] [文件加载：48]
[ info ] [ LANG ] E:\new_gmsh\thinkphp\lang\zh-cn.php
[ info ] [ ROUTE ] array (
  'type' => 'module',
  'module' => 
  array (
    0 => 'admin',
    1 => 'index',
    2 => 'welcome',
  ),
)
[ info ] [ HEADER ] array (
  'cookie' => 'pgv_pvi=2862968832; PHPSESSID=omsmsni0ag911movlkvipfamr2; Hm_lvt_080836300300be57b7f34f4b3e97d911=1518269947,1518351768,1518411014,1518499326; Hm_lpvt_080836300300be57b7f34f4b3e97d911=1518499335; admin=think%3A%7B%22id%22%3A%221%22%2C%22username%22%3A%22gmadmin%22%2C%22password%22%3A%2226d2b97525389a472c5a1c0413fb5e5f%22%2C%22role_id%22%3Anull%2C%22ip%22%3A%22127.0.0.1%22%2C%22last_time%22%3A%222018-02-12%2B12%253A50%253A20%22%2C%22rand_str%22%3A%22IXCTcR%22%7D',
  'accept-language' => 'zh-CN,zh;q=0.8',
  'accept-encoding' => 'gzip, deflate, sdch',
  'referer' => 'http://test.gmsh.com/index.php/admin/index/index.html',
  'accept' => 'text/html,application/xhtml+xml,application/xml;q=0.9,image/webp,*/*;q=0.8',
  'user-agent' => 'Mozilla/5.0 (Windows NT 6.1; Win64; x64) AppleWebKit/537.36 (KHTML, like Gecko) Chrome/56.0.2924.87 Safari/537.36',
  'upgrade-insecure-requests' => '1',
  'connection' => 'keep-alive',
  'host' => 'test.gmsh.com',
  'content-length' => '',
  'content-type' => '',
)
[ info ] [ PARAM ] array (
)
[ info ] [ SESSION ] INIT array (
  'id' => '',
  'var_session_id' => '',
  'prefix' => 'think',
  'type' => '',
  'auto_start' => true,
)
[ info ] [ RUN ] app\admin\controller\Index->welcome[ E:\new_gmsh\application\admin\controller\Index.php ]
[ info ] [ VIEW ] E:\new_gmsh\public/../application/admin\view\index\welcome.html [ array (
) ]
[ info ] [ LOG ] INIT File
---------------------------------------------------------------
[ 2018-02-13T13:26:46+08:00 ] 127.0.0.1 GET /index.php/admin/goods/good_list.html
[ info ] test.gmsh.com/index.php/admin/goods/good_list.html [运行时间：0.159009s][吞吐率：6.29req/s] [内存消耗：2,378.77kb] [文件加载：56]
[ info ] [ LANG ] E:\new_gmsh\thinkphp\lang\zh-cn.php
[ info ] [ ROUTE ] array (
  'type' => 'module',
  'module' => 
  array (
    0 => 'admin',
    1 => 'goods',
    2 => 'good_list',
  ),
)
[ info ] [ HEADER ] array (
  'cookie' => 'pgv_pvi=2862968832; PHPSESSID=omsmsni0ag911movlkvipfamr2; Hm_lvt_080836300300be57b7f34f4b3e97d911=1518269947,1518351768,1518411014,1518499326; Hm_lpvt_080836300300be57b7f34f4b3e97d911=1518499335; admin=think%3A%7B%22id%22%3A%221%22%2C%22username%22%3A%22gmadmin%22%2C%22password%22%3A%2226d2b97525389a472c5a1c0413fb5e5f%22%2C%22role_id%22%3Anull%2C%22ip%22%3A%22127.0.0.1%22%2C%22last_time%22%3A%222018-02-12%2B12%253A50%253A20%22%2C%22rand_str%22%3A%22IXCTcR%22%7D',
  'accept-language' => 'zh-CN,zh;q=0.8',
  'accept-encoding' => 'gzip, deflate, sdch',
  'referer' => 'http://test.gmsh.com/index.php/admin/index/index.html',
  'accept' => 'text/html,application/xhtml+xml,application/xml;q=0.9,image/webp,*/*;q=0.8',
  'user-agent' => 'Mozilla/5.0 (Windows NT 6.1; Win64; x64) AppleWebKit/537.36 (KHTML, like Gecko) Chrome/56.0.2924.87 Safari/537.36',
  'upgrade-insecure-requests' => '1',
  'connection' => 'keep-alive',
  'host' => 'test.gmsh.com',
  'content-length' => '',
  'content-type' => '',
)
[ info ] [ PARAM ] array (
)
[ info ] [ SESSION ] INIT array (
  'id' => '',
  'var_session_id' => '',
  'prefix' => 'think',
  'type' => '',
  'auto_start' => true,
)
[ info ] [ RUN ] app\admin\controller\Goods->good_list[ E:\new_gmsh\application\admin\controller\Goods.php ]
[ info ] [ DB ] INIT mysql
[ info ] [ VIEW ] E:\new_gmsh\public/../application/admin\view\goods\good_list.html [ array (
  0 => 'type',
  1 => 'goods',
) ]
[ info ] [ LOG ] INIT File
[ sql ] [ DB ] CONNECT:[ UseTime:0.000000s ] mysql:host=127.0.0.1;port=3306;dbname=gmsh;charset=utf8
[ sql ] [ SQL ] SHOW COLUMNS FROM `gm_goods_type` [ RunTime:0.034002s ]
[ sql ] [ SQL ] SELECT * FROM `gm_goods_type` ORDER BY `path` [ RunTime:0.001000s ]
[ sql ] [ SQL ] SHOW COLUMNS FROM `gm_goods` [ RunTime:0.034002s ]
[ sql ] [ SQL ] SELECT * FROM `gm_goods` [ RunTime:0.002001s ]
[ sql ] [ SQL ] SHOW COLUMNS FROM `gm_good_attribute` [ RunTime:0.033001s ]
[ sql ] [ SQL ] SELECT `name` FROM `gm_good_attribute` WHERE  `id` = 13 LIMIT 1 [ RunTime:0.001000s ]
[ sql ] [ SQL ] SELECT `name` FROM `gm_good_attribute` WHERE  `id` = 13 LIMIT 1 [ RunTime:0.000000s ]
[ sql ] [ SQL ] SELECT `name` FROM `gm_good_attribute` WHERE  `id` = 13 LIMIT 1 [ RunTime:0.001001s ]
[ sql ] [ SQL ] SELECT `name` FROM `gm_goods_type` WHERE  `id` = 38 LIMIT 1 [ RunTime:0.001000s ]
[ sql ] [ SQL ] SELECT `name` FROM `gm_goods_type` WHERE  `id` = 38 LIMIT 1 [ RunTime:0.000000s ]
[ sql ] [ SQL ] SELECT `name` FROM `gm_goods_type` WHERE  `id` = 39 LIMIT 1 [ RunTime:0.001000s ]
---------------------------------------------------------------
[ 2018-02-13T13:26:46+08:00 ] 127.0.0.1 GET /index.php/admin/goods/0
[ info ] test.gmsh.com/index.php/admin/goods/0 [运行时间：0.044002s][吞吐率：22.73req/s] [内存消耗：1,309.12kb] [文件加载：47]
[ info ] [ LANG ] E:\new_gmsh\thinkphp\lang\zh-cn.php
[ info ] [ ROUTE ] array (
  'type' => 'module',
  'module' => 
  array (
    0 => 'admin',
    1 => 'goods',
    2 => '0',
  ),
)
[ info ] [ HEADER ] array (
  'cookie' => 'pgv_pvi=2862968832; PHPSESSID=omsmsni0ag911movlkvipfamr2; Hm_lvt_080836300300be57b7f34f4b3e97d911=1518269947,1518351768,1518411014,1518499326; Hm_lpvt_080836300300be57b7f34f4b3e97d911=1518499335; admin=think%3A%7B%22id%22%3A%221%22%2C%22username%22%3A%22gmadmin%22%2C%22password%22%3A%2226d2b97525389a472c5a1c0413fb5e5f%22%2C%22role_id%22%3Anull%2C%22ip%22%3A%22127.0.0.1%22%2C%22last_time%22%3A%222018-02-12%2B12%253A50%253A20%22%2C%22rand_str%22%3A%22IXCTcR%22%7D',
  'accept-language' => 'zh-CN,zh;q=0.8',
  'accept-encoding' => 'gzip, deflate, sdch',
  'referer' => 'http://test.gmsh.com/index.php/admin/goods/good_list.html',
  'accept' => 'image/webp,image/*,*/*;q=0.8',
  'user-agent' => 'Mozilla/5.0 (Windows NT 6.1; Win64; x64) AppleWebKit/537.36 (KHTML, like Gecko) Chrome/56.0.2924.87 Safari/537.36',
  'connection' => 'keep-alive',
  'host' => 'test.gmsh.com',
  'content-length' => '',
  'content-type' => '',
)
[ info ] [ PARAM ] array (
)
[ info ] [ SESSION ] INIT array (
  'id' => '',
  'var_session_id' => '',
  'prefix' => 'think',
  'type' => '',
  'auto_start' => true,
)
[ info ] [ RUN ] app\admin\controller\Goods->index[ E:\new_gmsh\application\admin\controller\Goods.php ]
[ info ] [ LOG ] INIT File
[ error ] [0]模板文件不存在:E:\new_gmsh\public/../application/admin\view\goods\index.html[E:\new_gmsh\thinkphp\library\think\view\driver\Think.php:80]
---------------------------------------------------------------
[ 2018-02-13T14:11:48+08:00 ] 127.0.0.1 GET /index.php/admin/goods/good_edit/id/3.html
[ info ] test.gmsh.com/index.php/admin/goods/good_edit/id/3.html [运行时间：0.187011s][吞吐率：5.35req/s] [内存消耗：2,191.79kb] [文件加载：53]
[ info ] [ LANG ] E:\new_gmsh\thinkphp\lang\zh-cn.php
[ info ] [ ROUTE ] array (
  'type' => 'module',
  'module' => 
  array (
    0 => 'admin',
    1 => 'goods',
    2 => 'good_edit',
  ),
)
[ info ] [ HEADER ] array (
  'cookie' => 'thinkphp_show_page_trace=0|0; pgv_pvi=2862968832; PHPSESSID=omsmsni0ag911movlkvipfamr2; Hm_lvt_080836300300be57b7f34f4b3e97d911=1518269947,1518351768,1518411014,1518499326; Hm_lpvt_080836300300be57b7f34f4b3e97d911=1518499335; admin=think%3A%7B%22id%22%3A%221%22%2C%22username%22%3A%22gmadmin%22%2C%22password%22%3A%2226d2b97525389a472c5a1c0413fb5e5f%22%2C%22role_id%22%3Anull%2C%22ip%22%3A%22127.0.0.1%22%2C%22last_time%22%3A%222018-02-12%2B12%253A50%253A20%22%2C%22rand_str%22%3A%22IXCTcR%22%7D',
  'accept-language' => 'zh-CN,zh;q=0.8',
  'accept-encoding' => 'gzip, deflate, sdch',
  'referer' => 'http://test.gmsh.com/index.php/admin/goods/good_list.html',
  'accept' => 'text/html,application/xhtml+xml,application/xml;q=0.9,image/webp,*/*;q=0.8',
  'user-agent' => 'Mozilla/5.0 (Windows NT 6.1; Win64; x64) AppleWebKit/537.36 (KHTML, like Gecko) Chrome/56.0.2924.87 Safari/537.36',
  'upgrade-insecure-requests' => '1',
  'connection' => 'keep-alive',
  'host' => 'test.gmsh.com',
  'content-length' => '',
  'content-type' => '',
)
[ info ] [ PARAM ] array (
  'id' => '3',
)
[ info ] [ SESSION ] INIT array (
  'id' => '',
  'var_session_id' => '',
  'prefix' => 'think',
  'type' => '',
  'auto_start' => true,
)
[ info ] [ RUN ] app\admin\controller\Goods->good_edit[ E:\new_gmsh\application\admin\controller\Goods.php ]
[ info ] [ DB ] INIT mysql
[ info ] [ VIEW ] E:\new_gmsh\public/../application/admin\view\goods\good_edit.html [ array (
  0 => 'good',
  1 => 'type',
  2 => 'send',
  3 => 'attribute',
) ]
[ info ] [ LOG ] INIT File
[ sql ] [ DB ] CONNECT:[ UseTime:0.011001s ] mysql:host=127.0.0.1;port=3306;dbname=gmsh;charset=utf8
[ sql ] [ SQL ] SHOW COLUMNS FROM `gm_goods` [ RunTime:0.022001s ]
[ sql ] [ SQL ] SELECT * FROM `gm_goods` WHERE  `id` = 3 LIMIT 1 [ RunTime:0.001001s ]
[ sql ] [ SQL ] SHOW COLUMNS FROM `gm_goods_type` [ RunTime:0.024001s ]
[ sql ] [ SQL ] SELECT * FROM `gm_goods_type` ORDER BY `path` [ RunTime:0.001000s ]
[ sql ] [ SQL ] SHOW COLUMNS FROM `gm_vip_level` [ RunTime:0.028002s ]
[ sql ] [ SQL ] SELECT * FROM `gm_vip_level` [ RunTime:0.000000s ]
[ sql ] [ SQL ] SHOW COLUMNS FROM `gm_good_attribute` [ RunTime:0.031001s ]
[ sql ] [ SQL ] SELECT * FROM `gm_good_attribute` [ RunTime:0.000000s ]
---------------------------------------------------------------
[ 2018-02-13T14:11:50+08:00 ] 127.0.0.1 GET /index.php/admin/goods/good_edit/id/
[ info ] test.gmsh.com/index.php/admin/goods/good_edit/id/ [运行时间：0.036002s][吞吐率：27.78req/s] [内存消耗：1,307.01kb] [文件加载：46]
[ info ] [ LANG ] E:\new_gmsh\thinkphp\lang\zh-cn.php
[ info ] [ ROUTE ] array (
  'type' => 'module',
  'module' => 
  array (
    0 => 'admin',
    1 => 'goods',
    2 => 'good_edit',
  ),
)
[ info ] [ HEADER ] array (
  'cookie' => 'thinkphp_show_page_trace=0|0; thinkphp_show_page_trace=0|0; pgv_pvi=2862968832; PHPSESSID=omsmsni0ag911movlkvipfamr2; Hm_lvt_080836300300be57b7f34f4b3e97d911=1518269947,1518351768,1518411014,1518499326; Hm_lpvt_080836300300be57b7f34f4b3e97d911=1518499335; admin=think%3A%7B%22id%22%3A%221%22%2C%22username%22%3A%22gmadmin%22%2C%22password%22%3A%2226d2b97525389a472c5a1c0413fb5e5f%22%2C%22role_id%22%3Anull%2C%22ip%22%3A%22127.0.0.1%22%2C%22last_time%22%3A%222018-02-12%2B12%253A50%253A20%22%2C%22rand_str%22%3A%22IXCTcR%22%7D',
  'accept-language' => 'zh-CN,zh;q=0.8',
  'accept-encoding' => 'gzip, deflate, sdch',
  'referer' => 'http://test.gmsh.com/index.php/admin/goods/good_edit/id/3.html',
  'accept' => '*/*',
  'x-requested-with' => 'ShockwaveFlash/26.0.0.151',
  'user-agent' => 'Mozilla/5.0 (Windows NT 6.1; Win64; x64) AppleWebKit/537.36 (KHTML, like Gecko) Chrome/56.0.2924.87 Safari/537.36',
  'connection' => 'keep-alive',
  'host' => 'test.gmsh.com',
  'content-length' => '',
  'content-type' => '',
)
[ info ] [ PARAM ] array (
)
[ info ] [ SESSION ] INIT array (
  'id' => '',
  'var_session_id' => '',
  'prefix' => 'think',
  'type' => '',
  'auto_start' => true,
)
[ info ] [ LOG ] INIT File
[ error ] [0]方法参数错误:id[E:\new_gmsh\thinkphp\library\think\App.php:431]
---------------------------------------------------------------
[ 2018-02-13T21:00:06+08:00 ] 127.0.0.1 GET /
[ info ] test.gmsh.com/ [运行时间：0.040002s][吞吐率：25.00req/s] [内存消耗：1,064.13kb] [文件加载：36]
[ info ] [ LANG ] E:\new_gmsh\thinkphp\lang\zh-cn.php
[ info ] [ ROUTE ] array (
  'type' => 'module',
  'module' => 
  array (
    0 => '',
    1 => NULL,
    2 => NULL,
  ),
)
[ info ] [ HEADER ] array (
  'cookie' => 'pgv_pvi=2862968832; PHPSESSID=omsmsni0ag911movlkvipfamr2; Hm_lvt_080836300300be57b7f34f4b3e97d911=1518269947,1518351768,1518411014,1518499326; Hm_lpvt_080836300300be57b7f34f4b3e97d911=1518499335; admin=think%3A%7B%22id%22%3A%221%22%2C%22username%22%3A%22gmadmin%22%2C%22password%22%3A%2226d2b97525389a472c5a1c0413fb5e5f%22%2C%22role_id%22%3Anull%2C%22ip%22%3A%22127.0.0.1%22%2C%22last_time%22%3A%222018-02-12%2B12%253A50%253A20%22%2C%22rand_str%22%3A%22IXCTcR%22%7D',
  'accept-language' => 'zh-CN,zh;q=0.8',
  'accept-encoding' => 'gzip, deflate, sdch',
  'accept' => 'text/html,application/xhtml+xml,application/xml;q=0.9,image/webp,*/*;q=0.8',
  'user-agent' => 'Mozilla/5.0 (Windows NT 6.1; Win64; x64) AppleWebKit/537.36 (KHTML, like Gecko) Chrome/56.0.2924.87 Safari/537.36',
  'upgrade-insecure-requests' => '1',
  'connection' => 'keep-alive',
  'host' => 'test.gmsh.com',
  'content-length' => '',
  'content-type' => '',
)
[ info ] [ PARAM ] array (
)
[ info ] [ RUN ] app\index\controller\Index->index[ E:\new_gmsh\application\index\controller\Index.php ]
[ info ] [ LOG ] INIT File
---------------------------------------------------------------
[ 2018-02-13T21:48:36+08:00 ] 127.0.0.1 GET /index.php/admin/goods/good_list.html
[ info ] test.gmsh.com/index.php/admin/goods/good_list.html [运行时间：0.067004s][吞吐率：14.92req/s] [内存消耗：1,472.59kb] [文件加载：49]
[ info ] [ LANG ] E:\new_gmsh\thinkphp\lang\zh-cn.php
[ info ] [ ROUTE ] array (
  'type' => 'module',
  'module' => 
  array (
    0 => 'admin',
    1 => 'goods',
    2 => 'good_list',
  ),
)
[ info ] [ HEADER ] array (
  'cookie' => 'thinkphp_show_page_trace=0|0; pgv_pvi=2862968832; PHPSESSID=omsmsni0ag911movlkvipfamr2; Hm_lvt_080836300300be57b7f34f4b3e97d911=1518269947,1518351768,1518411014,1518499326; Hm_lpvt_080836300300be57b7f34f4b3e97d911=1518499335; admin=think%3A%7B%22id%22%3A%221%22%2C%22username%22%3A%22gmadmin%22%2C%22password%22%3A%2226d2b97525389a472c5a1c0413fb5e5f%22%2C%22role_id%22%3Anull%2C%22ip%22%3A%22127.0.0.1%22%2C%22last_time%22%3A%222018-02-12%2B12%253A50%253A20%22%2C%22rand_str%22%3A%22IXCTcR%22%7D; pgv_si=s9107524608; thinkphp_show_page_trace=0|0',
  'accept-language' => 'zh-CN,zh;q=0.8',
  'accept-encoding' => 'gzip, deflate, sdch',
  'referer' => 'http://test.gmsh.com/index.php/admin/index/index.html',
  'accept' => 'text/html,application/xhtml+xml,application/xml;q=0.9,image/webp,*/*;q=0.8',
  'user-agent' => 'Mozilla/5.0 (Windows NT 6.1; Win64; x64) AppleWebKit/537.36 (KHTML, like Gecko) Chrome/56.0.2924.87 Safari/537.36',
  'upgrade-insecure-requests' => '1',
  'cache-control' => 'no-cache',
  'pragma' => 'no-cache',
  'connection' => 'keep-alive',
  'host' => 'test.gmsh.com',
  'content-length' => '',
  'content-type' => '',
)
[ info ] [ PARAM ] array (
)
[ info ] [ SESSION ] INIT array (
  'id' => '',
  'var_session_id' => '',
  'prefix' => 'think',
  'type' => '',
  'auto_start' => true,
)
[ info ] [ VIEW ] E:\new_gmsh\thinkphp\tpl\dispatch_jump.tpl [ array (
  0 => 'code',
  1 => 'msg',
  2 => 'data',
  3 => 'url',
  4 => 'wait',
) ]
[ info ] [ LOG ] INIT File
---------------------------------------------------------------
[ 2018-02-13T21:48:37+08:00 ] 127.0.0.1 GET /index.php/admin/login/index.html
[ info ] test.gmsh.com/index.php/admin/login/index.html [运行时间：0.044003s][吞吐率：22.73req/s] [内存消耗：1,449.59kb] [文件加载：48]
[ info ] [ LANG ] E:\new_gmsh\thinkphp\lang\zh-cn.php
[ info ] [ ROUTE ] array (
  'type' => 'module',
  'module' => 
  array (
    0 => 'admin',
    1 => 'login',
    2 => 'index',
  ),
)
[ info ] [ HEADER ] array (
  'cookie' => 'thinkphp_show_page_trace=0|0; pgv_pvi=2862968832; PHPSESSID=omsmsni0ag911movlkvipfamr2; Hm_lvt_080836300300be57b7f34f4b3e97d911=1518269947,1518351768,1518411014,1518499326; Hm_lpvt_080836300300be57b7f34f4b3e97d911=1518499335; admin=think%3A%7B%22id%22%3A%221%22%2C%22username%22%3A%22gmadmin%22%2C%22password%22%3A%2226d2b97525389a472c5a1c0413fb5e5f%22%2C%22role_id%22%3Anull%2C%22ip%22%3A%22127.0.0.1%22%2C%22last_time%22%3A%222018-02-12%2B12%253A50%253A20%22%2C%22rand_str%22%3A%22IXCTcR%22%7D; pgv_si=s9107524608; thinkphp_show_page_trace=0|0',
  'accept-language' => 'zh-CN,zh;q=0.8',
  'accept-encoding' => 'gzip, deflate, sdch',
  'referer' => 'http://test.gmsh.com/index.php/admin/goods/good_list.html',
  'accept' => 'text/html,application/xhtml+xml,application/xml;q=0.9,image/webp,*/*;q=0.8',
  'user-agent' => 'Mozilla/5.0 (Windows NT 6.1; Win64; x64) AppleWebKit/537.36 (KHTML, like Gecko) Chrome/56.0.2924.87 Safari/537.36',
  'upgrade-insecure-requests' => '1',
  'cache-control' => 'no-cache',
  'pragma' => 'no-cache',
  'connection' => 'keep-alive',
  'host' => 'test.gmsh.com',
  'content-length' => '',
  'content-type' => '',
)
[ info ] [ PARAM ] array (
)
[ info ] [ RUN ] app\admin\controller\Login->index[ E:\new_gmsh\application\admin\controller\Login.php ]
[ info ] [ VIEW ] E:\new_gmsh\public/../application/admin\view\login\login.html [ array (
) ]
[ info ] [ LOG ] INIT File
---------------------------------------------------------------
[ 2018-02-13T21:48:38+08:00 ] 127.0.0.1 GET /index.php/captcha.html
[ info ] test.gmsh.com/index.php/captcha.html [运行时间：0.037002s][吞吐率：27.03req/s] [内存消耗：1,036.02kb] [文件加载：34]
[ info ] [ LANG ] E:\new_gmsh\thinkphp\lang\zh-cn.php
[ info ] [ ROUTE ] array (
  'type' => 'method',
  'method' => 
  array (
    0 => '\\think\\captcha\\CaptchaController',
    1 => 'index',
  ),
  'var' => 
  array (
  ),
)
[ info ] [ HEADER ] array (
  'cookie' => 'pgv_pvi=2862968832; PHPSESSID=omsmsni0ag911movlkvipfamr2; Hm_lvt_080836300300be57b7f34f4b3e97d911=1518269947,1518351768,1518411014,1518499326; Hm_lpvt_080836300300be57b7f34f4b3e97d911=1518499335; admin=think%3A%7B%22id%22%3A%221%22%2C%22username%22%3A%22gmadmin%22%2C%22password%22%3A%2226d2b97525389a472c5a1c0413fb5e5f%22%2C%22role_id%22%3Anull%2C%22ip%22%3A%22127.0.0.1%22%2C%22last_time%22%3A%222018-02-12%2B12%253A50%253A20%22%2C%22rand_str%22%3A%22IXCTcR%22%7D; pgv_si=s9107524608; thinkphp_show_page_trace=0|0',
  'accept-language' => 'zh-CN,zh;q=0.8',
  'accept-encoding' => 'gzip, deflate, sdch',
  'referer' => 'http://test.gmsh.com/index.php/admin/login/index.html',
  'accept' => 'image/webp,image/*,*/*;q=0.8',
  'user-agent' => 'Mozilla/5.0 (Windows NT 6.1; Win64; x64) AppleWebKit/537.36 (KHTML, like Gecko) Chrome/56.0.2924.87 Safari/537.36',
  'cache-control' => 'no-cache',
  'pragma' => 'no-cache',
  'connection' => 'keep-alive',
  'host' => 'test.gmsh.com',
  'content-length' => '',
  'content-type' => '',
)
[ info ] [ PARAM ] array (
  'id' => NULL,
)
[ info ] [ RUN ] think\captcha\CaptchaController->index[ E:\new_gmsh\vendor\topthink\think-captcha\src\CaptchaController.php ]
[ info ] [ SESSION ] INIT array (
  'id' => '',
  'var_session_id' => '',
  'prefix' => 'think',
  'type' => '',
  'auto_start' => true,
)
[ info ] [ LOG ] INIT File
---------------------------------------------------------------
[ 2018-02-13T21:48:48+08:00 ] 127.0.0.1 POST /index.php/admin/login/index.html
[ info ] test.gmsh.com/index.php/admin/login/index.html [运行时间：0.053003s][吞吐率：18.87req/s] [内存消耗：1,394.92kb] [文件加载：47]
[ info ] [ LANG ] E:\new_gmsh\thinkphp\lang\zh-cn.php
[ info ] [ ROUTE ] array (
  'type' => 'module',
  'module' => 
  array (
    0 => 'admin',
    1 => 'login',
    2 => 'index',
  ),
)
[ info ] [ HEADER ] array (
  'cookie' => 'thinkphp_show_page_trace=0|0; pgv_pvi=2862968832; PHPSESSID=omsmsni0ag911movlkvipfamr2; admin=think%3A%7B%22id%22%3A%221%22%2C%22username%22%3A%22gmadmin%22%2C%22password%22%3A%2226d2b97525389a472c5a1c0413fb5e5f%22%2C%22role_id%22%3Anull%2C%22ip%22%3A%22127.0.0.1%22%2C%22last_time%22%3A%222018-02-12%2B12%253A50%253A20%22%2C%22rand_str%22%3A%22IXCTcR%22%7D; pgv_si=s9107524608; thinkphp_show_page_trace=0|0; Hm_lvt_080836300300be57b7f34f4b3e97d911=1518269947,1518351768,1518411014,1518499326; Hm_lpvt_080836300300be57b7f34f4b3e97d911=1518529718',
  'accept-language' => 'zh-CN,zh;q=0.8',
  'accept-encoding' => 'gzip, deflate',
  'referer' => 'http://test.gmsh.com/index.php/admin/login/index.html',
  'accept' => 'text/html,application/xhtml+xml,application/xml;q=0.9,image/webp,*/*;q=0.8',
  'content-type' => 'application/x-www-form-urlencoded',
  'user-agent' => 'Mozilla/5.0 (Windows NT 6.1; Win64; x64) AppleWebKit/537.36 (KHTML, like Gecko) Chrome/56.0.2924.87 Safari/537.36',
  'upgrade-insecure-requests' => '1',
  'origin' => 'http://test.gmsh.com',
  'cache-control' => 'no-cache',
  'pragma' => 'no-cache',
  'content-length' => '37',
  'connection' => 'keep-alive',
  'host' => 'test.gmsh.com',
)
[ info ] [ PARAM ] array (
  'username' => 'gmadmin',
  'password' => '',
  'code' => 'yx43b',
)
[ info ] [ RUN ] app\admin\controller\Login->index[ E:\new_gmsh\application\admin\controller\Login.php ]
[ info ] [ VIEW ] E:\new_gmsh\thinkphp\tpl\dispatch_jump.tpl [ array (
  0 => 'code',
  1 => 'msg',
  2 => 'data',
  3 => 'url',
  4 => 'wait',
) ]
[ info ] [ LOG ] INIT File
---------------------------------------------------------------
[ 2018-02-13T21:48:49+08:00 ] 127.0.0.1 GET /index.php/admin/login/index.html
[ info ] test.gmsh.com/index.php/admin/login/index.html [运行时间：0.051003s][吞吐率：19.61req/s] [内存消耗：1,449.58kb] [文件加载：48]
[ info ] [ LANG ] E:\new_gmsh\thinkphp\lang\zh-cn.php
[ info ] [ ROUTE ] array (
  'type' => 'module',
  'module' => 
  array (
    0 => 'admin',
    1 => 'login',
    2 => 'index',
  ),
)
[ info ] [ HEADER ] array (
  'cookie' => 'thinkphp_show_page_trace=0|0; pgv_pvi=2862968832; PHPSESSID=omsmsni0ag911movlkvipfamr2; admin=think%3A%7B%22id%22%3A%221%22%2C%22username%22%3A%22gmadmin%22%2C%22password%22%3A%2226d2b97525389a472c5a1c0413fb5e5f%22%2C%22role_id%22%3Anull%2C%22ip%22%3A%22127.0.0.1%22%2C%22last_time%22%3A%222018-02-12%2B12%253A50%253A20%22%2C%22rand_str%22%3A%22IXCTcR%22%7D; pgv_si=s9107524608; thinkphp_show_page_trace=0|0; Hm_lvt_080836300300be57b7f34f4b3e97d911=1518269947,1518351768,1518411014,1518499326; Hm_lpvt_080836300300be57b7f34f4b3e97d911=1518529718',
  'accept-language' => 'zh-CN,zh;q=0.8',
  'accept-encoding' => 'gzip, deflate, sdch',
  'referer' => 'http://test.gmsh.com/index.php/admin/login/index.html',
  'accept' => 'text/html,application/xhtml+xml,application/xml;q=0.9,image/webp,*/*;q=0.8',
  'user-agent' => 'Mozilla/5.0 (Windows NT 6.1; Win64; x64) AppleWebKit/537.36 (KHTML, like Gecko) Chrome/56.0.2924.87 Safari/537.36',
  'upgrade-insecure-requests' => '1',
  'cache-control' => 'no-cache',
  'pragma' => 'no-cache',
  'connection' => 'keep-alive',
  'host' => 'test.gmsh.com',
  'content-length' => '',
  'content-type' => '',
)
[ info ] [ PARAM ] array (
)
[ info ] [ RUN ] app\admin\controller\Login->index[ E:\new_gmsh\application\admin\controller\Login.php ]
[ info ] [ VIEW ] E:\new_gmsh\public/../application/admin\view\login\login.html [ array (
) ]
[ info ] [ LOG ] INIT File
---------------------------------------------------------------
[ 2018-02-13T21:48:50+08:00 ] 127.0.0.1 GET /index.php/captcha.html
[ info ] test.gmsh.com/index.php/captcha.html [运行时间：0.036002s][吞吐率：27.78req/s] [内存消耗：1,035.93kb] [文件加载：34]
[ info ] [ LANG ] E:\new_gmsh\thinkphp\lang\zh-cn.php
[ info ] [ ROUTE ] array (
  'type' => 'method',
  'method' => 
  array (
    0 => '\\think\\captcha\\CaptchaController',
    1 => 'index',
  ),
  'var' => 
  array (
  ),
)
[ info ] [ HEADER ] array (
  'cookie' => 'pgv_pvi=2862968832; PHPSESSID=omsmsni0ag911movlkvipfamr2; admin=think%3A%7B%22id%22%3A%221%22%2C%22username%22%3A%22gmadmin%22%2C%22password%22%3A%2226d2b97525389a472c5a1c0413fb5e5f%22%2C%22role_id%22%3Anull%2C%22ip%22%3A%22127.0.0.1%22%2C%22last_time%22%3A%222018-02-12%2B12%253A50%253A20%22%2C%22rand_str%22%3A%22IXCTcR%22%7D; pgv_si=s9107524608; thinkphp_show_page_trace=0|0; Hm_lvt_080836300300be57b7f34f4b3e97d911=1518269947,1518351768,1518411014,1518499326; Hm_lpvt_080836300300be57b7f34f4b3e97d911=1518529718',
  'accept-language' => 'zh-CN,zh;q=0.8',
  'accept-encoding' => 'gzip, deflate, sdch',
  'referer' => 'http://test.gmsh.com/index.php/admin/login/index.html',
  'accept' => 'image/webp,image/*,*/*;q=0.8',
  'user-agent' => 'Mozilla/5.0 (Windows NT 6.1; Win64; x64) AppleWebKit/537.36 (KHTML, like Gecko) Chrome/56.0.2924.87 Safari/537.36',
  'cache-control' => 'no-cache',
  'pragma' => 'no-cache',
  'connection' => 'keep-alive',
  'host' => 'test.gmsh.com',
  'content-length' => '',
  'content-type' => '',
)
[ info ] [ PARAM ] array (
  'id' => NULL,
)
[ info ] [ RUN ] think\captcha\CaptchaController->index[ E:\new_gmsh\vendor\topthink\think-captcha\src\CaptchaController.php ]
[ info ] [ SESSION ] INIT array (
  'id' => '',
  'var_session_id' => '',
  'prefix' => 'think',
  'type' => '',
  'auto_start' => true,
)
[ info ] [ LOG ] INIT File
---------------------------------------------------------------
[ 2018-02-13T21:48:55+08:00 ] 127.0.0.1 POST /index.php/admin/login/index.html
[ info ] test.gmsh.com/index.php/admin/login/index.html [运行时间：0.042003s][吞吐率：23.81req/s] [内存消耗：1,395.01kb] [文件加载：47]
[ info ] [ LANG ] E:\new_gmsh\thinkphp\lang\zh-cn.php
[ info ] [ ROUTE ] array (
  'type' => 'module',
  'module' => 
  array (
    0 => 'admin',
    1 => 'login',
    2 => 'index',
  ),
)
[ info ] [ HEADER ] array (
  'cookie' => 'thinkphp_show_page_trace=0|0; pgv_pvi=2862968832; PHPSESSID=omsmsni0ag911movlkvipfamr2; admin=think%3A%7B%22id%22%3A%221%22%2C%22username%22%3A%22gmadmin%22%2C%22password%22%3A%2226d2b97525389a472c5a1c0413fb5e5f%22%2C%22role_id%22%3Anull%2C%22ip%22%3A%22127.0.0.1%22%2C%22last_time%22%3A%222018-02-12%2B12%253A50%253A20%22%2C%22rand_str%22%3A%22IXCTcR%22%7D; pgv_si=s9107524608; thinkphp_show_page_trace=0|0; Hm_lvt_080836300300be57b7f34f4b3e97d911=1518269947,1518351768,1518411014,1518499326; Hm_lpvt_080836300300be57b7f34f4b3e97d911=1518529730',
  'accept-language' => 'zh-CN,zh;q=0.8',
  'accept-encoding' => 'gzip, deflate',
  'referer' => 'http://test.gmsh.com/index.php/admin/login/index.html',
  'accept' => 'text/html,application/xhtml+xml,application/xml;q=0.9,image/webp,*/*;q=0.8',
  'content-type' => 'application/x-www-form-urlencoded',
  'user-agent' => 'Mozilla/5.0 (Windows NT 6.1; Win64; x64) AppleWebKit/537.36 (KHTML, like Gecko) Chrome/56.0.2924.87 Safari/537.36',
  'upgrade-insecure-requests' => '1',
  'origin' => 'http://test.gmsh.com',
  'cache-control' => 'no-cache',
  'pragma' => 'no-cache',
  'content-length' => '62',
  'connection' => 'keep-alive',
  'host' => 'test.gmsh.com',
)
[ info ] [ PARAM ] array (
  'username' => 'gmadmin',
  'password' => '',
  'code' => '验证码:',
)
[ info ] [ RUN ] app\admin\controller\Login->index[ E:\new_gmsh\application\admin\controller\Login.php ]
[ info ] [ VIEW ] E:\new_gmsh\thinkphp\tpl\dispatch_jump.tpl [ array (
  0 => 'code',
  1 => 'msg',
  2 => 'data',
  3 => 'url',
  4 => 'wait',
) ]
[ info ] [ LOG ] INIT File
---------------------------------------------------------------
[ 2018-02-13T21:48:56+08:00 ] 127.0.0.1 GET /index.php/admin/login/index.html
[ info ] test.gmsh.com/index.php/admin/login/index.html [运行时间：0.044002s][吞吐率：22.73req/s] [内存消耗：1,449.58kb] [文件加载：48]
[ info ] [ LANG ] E:\new_gmsh\thinkphp\lang\zh-cn.php
[ info ] [ ROUTE ] array (
  'type' => 'module',
  'module' => 
  array (
    0 => 'admin',
    1 => 'login',
    2 => 'index',
  ),
)
[ info ] [ HEADER ] array (
  'cookie' => 'thinkphp_show_page_trace=0|0; pgv_pvi=2862968832; PHPSESSID=omsmsni0ag911movlkvipfamr2; admin=think%3A%7B%22id%22%3A%221%22%2C%22username%22%3A%22gmadmin%22%2C%22password%22%3A%2226d2b97525389a472c5a1c0413fb5e5f%22%2C%22role_id%22%3Anull%2C%22ip%22%3A%22127.0.0.1%22%2C%22last_time%22%3A%222018-02-12%2B12%253A50%253A20%22%2C%22rand_str%22%3A%22IXCTcR%22%7D; pgv_si=s9107524608; thinkphp_show_page_trace=0|0; Hm_lvt_080836300300be57b7f34f4b3e97d911=1518269947,1518351768,1518411014,1518499326; Hm_lpvt_080836300300be57b7f34f4b3e97d911=1518529730',
  'accept-language' => 'zh-CN,zh;q=0.8',
  'accept-encoding' => 'gzip, deflate, sdch',
  'referer' => 'http://test.gmsh.com/index.php/admin/login/index.html',
  'accept' => 'text/html,application/xhtml+xml,application/xml;q=0.9,image/webp,*/*;q=0.8',
  'user-agent' => 'Mozilla/5.0 (Windows NT 6.1; Win64; x64) AppleWebKit/537.36 (KHTML, like Gecko) Chrome/56.0.2924.87 Safari/537.36',
  'upgrade-insecure-requests' => '1',
  'cache-control' => 'no-cache',
  'pragma' => 'no-cache',
  'connection' => 'keep-alive',
  'host' => 'test.gmsh.com',
  'content-length' => '',
  'content-type' => '',
)
[ info ] [ PARAM ] array (
)
[ info ] [ RUN ] app\admin\controller\Login->index[ E:\new_gmsh\application\admin\controller\Login.php ]
[ info ] [ VIEW ] E:\new_gmsh\public/../application/admin\view\login\login.html [ array (
) ]
[ info ] [ LOG ] INIT File
---------------------------------------------------------------
[ 2018-02-13T21:48:56+08:00 ] 127.0.0.1 GET /index.php/captcha.html
[ info ] test.gmsh.com/index.php/captcha.html [运行时间：0.041003s][吞吐率：24.39req/s] [内存消耗：1,035.95kb] [文件加载：34]
[ info ] [ LANG ] E:\new_gmsh\thinkphp\lang\zh-cn.php
[ info ] [ ROUTE ] array (
  'type' => 'method',
  'method' => 
  array (
    0 => '\\think\\captcha\\CaptchaController',
    1 => 'index',
  ),
  'var' => 
  array (
  ),
)
[ info ] [ HEADER ] array (
  'cookie' => 'pgv_pvi=2862968832; PHPSESSID=omsmsni0ag911movlkvipfamr2; admin=think%3A%7B%22id%22%3A%221%22%2C%22username%22%3A%22gmadmin%22%2C%22password%22%3A%2226d2b97525389a472c5a1c0413fb5e5f%22%2C%22role_id%22%3Anull%2C%22ip%22%3A%22127.0.0.1%22%2C%22last_time%22%3A%222018-02-12%2B12%253A50%253A20%22%2C%22rand_str%22%3A%22IXCTcR%22%7D; pgv_si=s9107524608; thinkphp_show_page_trace=0|0; Hm_lvt_080836300300be57b7f34f4b3e97d911=1518269947,1518351768,1518411014,1518499326; Hm_lpvt_080836300300be57b7f34f4b3e97d911=1518529730',
  'accept-language' => 'zh-CN,zh;q=0.8',
  'accept-encoding' => 'gzip, deflate, sdch',
  'referer' => 'http://test.gmsh.com/index.php/admin/login/index.html',
  'accept' => 'image/webp,image/*,*/*;q=0.8',
  'user-agent' => 'Mozilla/5.0 (Windows NT 6.1; Win64; x64) AppleWebKit/537.36 (KHTML, like Gecko) Chrome/56.0.2924.87 Safari/537.36',
  'cache-control' => 'no-cache',
  'pragma' => 'no-cache',
  'connection' => 'keep-alive',
  'host' => 'test.gmsh.com',
  'content-length' => '',
  'content-type' => '',
)
[ info ] [ PARAM ] array (
  'id' => NULL,
)
[ info ] [ RUN ] think\captcha\CaptchaController->index[ E:\new_gmsh\vendor\topthink\think-captcha\src\CaptchaController.php ]
[ info ] [ SESSION ] INIT array (
  'id' => '',
  'var_session_id' => '',
  'prefix' => 'think',
  'type' => '',
  'auto_start' => true,
)
[ info ] [ LOG ] INIT File
---------------------------------------------------------------
[ 2018-02-13T21:49:03+08:00 ] 127.0.0.1 GET /index.php/admin/index/index.html
[ info ] test.gmsh.com/index.php/admin/index/index.html [运行时间：0.045003s][吞吐率：22.22req/s] [内存消耗：1,443.45kb] [文件加载：49]
[ info ] [ LANG ] E:\new_gmsh\thinkphp\lang\zh-cn.php
[ info ] [ ROUTE ] array (
  'type' => 'module',
  'module' => 
  array (
    0 => 'admin',
    1 => 'index',
    2 => 'index',
  ),
)
[ info ] [ HEADER ] array (
  'cookie' => 'thinkphp_show_page_trace=0|0; pgv_pvi=2862968832; PHPSESSID=omsmsni0ag911movlkvipfamr2; admin=think%3A%7B%22id%22%3A%221%22%2C%22username%22%3A%22gmadmin%22%2C%22password%22%3A%2226d2b97525389a472c5a1c0413fb5e5f%22%2C%22role_id%22%3Anull%2C%22ip%22%3A%22127.0.0.1%22%2C%22last_time%22%3A%222018-02-12%2B12%253A50%253A20%22%2C%22rand_str%22%3A%22IXCTcR%22%7D; pgv_si=s9107524608; thinkphp_show_page_trace=0|0; Hm_lvt_080836300300be57b7f34f4b3e97d911=1518269947,1518351768,1518411014,1518499326; Hm_lpvt_080836300300be57b7f34f4b3e97d911=1518529737',
  'accept-language' => 'zh-CN,zh;q=0.8',
  'accept-encoding' => 'gzip, deflate, sdch',
  'referer' => 'http://test.gmsh.com/index.php/admin/login/index.html',
  'accept' => 'text/html,application/xhtml+xml,application/xml;q=0.9,image/webp,*/*;q=0.8',
  'user-agent' => 'Mozilla/5.0 (Windows NT 6.1; Win64; x64) AppleWebKit/537.36 (KHTML, like Gecko) Chrome/56.0.2924.87 Safari/537.36',
  'upgrade-insecure-requests' => '1',
  'cache-control' => 'no-cache',
  'pragma' => 'no-cache',
  'connection' => 'keep-alive',
  'host' => 'test.gmsh.com',
  'content-length' => '',
  'content-type' => '',
)
[ info ] [ PARAM ] array (
)
[ info ] [ SESSION ] INIT array (
  'id' => '',
  'var_session_id' => '',
  'prefix' => 'think',
  'type' => '',
  'auto_start' => true,
)
[ info ] [ VIEW ] E:\new_gmsh\thinkphp\tpl\dispatch_jump.tpl [ array (
  0 => 'code',
  1 => 'msg',
  2 => 'data',
  3 => 'url',
  4 => 'wait',
) ]
[ info ] [ LOG ] INIT File
---------------------------------------------------------------
[ 2018-02-13T21:49:04+08:00 ] 127.0.0.1 GET /index.php/admin/login/index.html
[ info ] test.gmsh.com/index.php/admin/login/index.html [运行时间：0.046002s][吞吐率：21.74req/s] [内存消耗：1,449.58kb] [文件加载：48]
[ info ] [ LANG ] E:\new_gmsh\thinkphp\lang\zh-cn.php
[ info ] [ ROUTE ] array (
  'type' => 'module',
  'module' => 
  array (
    0 => 'admin',
    1 => 'login',
    2 => 'index',
  ),
)
[ info ] [ HEADER ] array (
  'cookie' => 'thinkphp_show_page_trace=0|0; pgv_pvi=2862968832; PHPSESSID=omsmsni0ag911movlkvipfamr2; admin=think%3A%7B%22id%22%3A%221%22%2C%22username%22%3A%22gmadmin%22%2C%22password%22%3A%2226d2b97525389a472c5a1c0413fb5e5f%22%2C%22role_id%22%3Anull%2C%22ip%22%3A%22127.0.0.1%22%2C%22last_time%22%3A%222018-02-12%2B12%253A50%253A20%22%2C%22rand_str%22%3A%22IXCTcR%22%7D; pgv_si=s9107524608; thinkphp_show_page_trace=0|0; Hm_lvt_080836300300be57b7f34f4b3e97d911=1518269947,1518351768,1518411014,1518499326; Hm_lpvt_080836300300be57b7f34f4b3e97d911=1518529737',
  'accept-language' => 'zh-CN,zh;q=0.8',
  'accept-encoding' => 'gzip, deflate, sdch',
  'referer' => 'http://test.gmsh.com/index.php/admin/index/index.html',
  'accept' => 'text/html,application/xhtml+xml,application/xml;q=0.9,image/webp,*/*;q=0.8',
  'user-agent' => 'Mozilla/5.0 (Windows NT 6.1; Win64; x64) AppleWebKit/537.36 (KHTML, like Gecko) Chrome/56.0.2924.87 Safari/537.36',
  'upgrade-insecure-requests' => '1',
  'cache-control' => 'no-cache',
  'pragma' => 'no-cache',
  'connection' => 'keep-alive',
  'host' => 'test.gmsh.com',
  'content-length' => '',
  'content-type' => '',
)
[ info ] [ PARAM ] array (
)
[ info ] [ RUN ] app\admin\controller\Login->index[ E:\new_gmsh\application\admin\controller\Login.php ]
[ info ] [ VIEW ] E:\new_gmsh\public/../application/admin\view\login\login.html [ array (
) ]
[ info ] [ LOG ] INIT File
---------------------------------------------------------------
[ 2018-02-13T21:49:04+08:00 ] 127.0.0.1 GET /index.php/captcha.html
[ info ] test.gmsh.com/index.php/captcha.html [运行时间：0.035002s][吞吐率：28.57req/s] [内存消耗：1,035.94kb] [文件加载：34]
[ info ] [ LANG ] E:\new_gmsh\thinkphp\lang\zh-cn.php
[ info ] [ ROUTE ] array (
  'type' => 'method',
  'method' => 
  array (
    0 => '\\think\\captcha\\CaptchaController',
    1 => 'index',
  ),
  'var' => 
  array (
  ),
)
[ info ] [ HEADER ] array (
  'cookie' => 'pgv_pvi=2862968832; PHPSESSID=omsmsni0ag911movlkvipfamr2; admin=think%3A%7B%22id%22%3A%221%22%2C%22username%22%3A%22gmadmin%22%2C%22password%22%3A%2226d2b97525389a472c5a1c0413fb5e5f%22%2C%22role_id%22%3Anull%2C%22ip%22%3A%22127.0.0.1%22%2C%22last_time%22%3A%222018-02-12%2B12%253A50%253A20%22%2C%22rand_str%22%3A%22IXCTcR%22%7D; pgv_si=s9107524608; thinkphp_show_page_trace=0|0; Hm_lvt_080836300300be57b7f34f4b3e97d911=1518269947,1518351768,1518411014,1518499326; Hm_lpvt_080836300300be57b7f34f4b3e97d911=1518529737',
  'accept-language' => 'zh-CN,zh;q=0.8',
  'accept-encoding' => 'gzip, deflate, sdch',
  'referer' => 'http://test.gmsh.com/index.php/admin/login/index.html',
  'accept' => 'image/webp,image/*,*/*;q=0.8',
  'user-agent' => 'Mozilla/5.0 (Windows NT 6.1; Win64; x64) AppleWebKit/537.36 (KHTML, like Gecko) Chrome/56.0.2924.87 Safari/537.36',
  'cache-control' => 'no-cache',
  'pragma' => 'no-cache',
  'connection' => 'keep-alive',
  'host' => 'test.gmsh.com',
  'content-length' => '',
  'content-type' => '',
)
[ info ] [ PARAM ] array (
  'id' => NULL,
)
[ info ] [ RUN ] think\captcha\CaptchaController->index[ E:\new_gmsh\vendor\topthink\think-captcha\src\CaptchaController.php ]
[ info ] [ SESSION ] INIT array (
  'id' => '',
  'var_session_id' => '',
  'prefix' => 'think',
  'type' => '',
  'auto_start' => true,
)
[ info ] [ LOG ] INIT File
---------------------------------------------------------------
[ 2018-02-13T21:49:14+08:00 ] 127.0.0.1 POST /index.php/admin/login/index.html
[ info ] test.gmsh.com/index.php/admin/login/index.html [运行时间：0.093005s][吞吐率：10.75req/s] [内存消耗：1,936.58kb] [文件加载：51]
[ info ] [ LANG ] E:\new_gmsh\thinkphp\lang\zh-cn.php
[ info ] [ ROUTE ] array (
  'type' => 'module',
  'module' => 
  array (
    0 => 'admin',
    1 => 'login',
    2 => 'index',
  ),
)
[ info ] [ HEADER ] array (
  'cookie' => 'thinkphp_show_page_trace=0|0; pgv_pvi=2862968832; PHPSESSID=omsmsni0ag911movlkvipfamr2; admin=think%3A%7B%22id%22%3A%221%22%2C%22username%22%3A%22gmadmin%22%2C%22password%22%3A%2226d2b97525389a472c5a1c0413fb5e5f%22%2C%22role_id%22%3Anull%2C%22ip%22%3A%22127.0.0.1%22%2C%22last_time%22%3A%222018-02-12%2B12%253A50%253A20%22%2C%22rand_str%22%3A%22IXCTcR%22%7D; pgv_si=s9107524608; thinkphp_show_page_trace=0|0; Hm_lvt_080836300300be57b7f34f4b3e97d911=1518269947,1518351768,1518411014,1518499326; Hm_lpvt_080836300300be57b7f34f4b3e97d911=1518529745',
  'accept-language' => 'zh-CN,zh;q=0.8',
  'accept-encoding' => 'gzip, deflate',
  'referer' => 'http://test.gmsh.com/index.php/admin/login/index.html',
  'accept' => 'text/html,application/xhtml+xml,application/xml;q=0.9,image/webp,*/*;q=0.8',
  'content-type' => 'application/x-www-form-urlencoded',
  'user-agent' => 'Mozilla/5.0 (Windows NT 6.1; Win64; x64) AppleWebKit/537.36 (KHTML, like Gecko) Chrome/56.0.2924.87 Safari/537.36',
  'upgrade-insecure-requests' => '1',
  'origin' => 'http://test.gmsh.com',
  'cache-control' => 'no-cache',
  'pragma' => 'no-cache',
  'content-length' => '45',
  'connection' => 'keep-alive',
  'host' => 'test.gmsh.com',
)
[ info ] [ PARAM ] array (
  'username' => 'gmadmin',
  'password' => 'gmsh1989',
  'code' => 'zxcjl',
)
[ info ] [ RUN ] app\admin\controller\Login->index[ E:\new_gmsh\application\admin\controller\Login.php ]
[ info ] [ SESSION ] INIT array (
  'id' => '',
  'var_session_id' => '',
  'prefix' => 'think',
  'type' => '',
  'auto_start' => true,
)
[ info ] [ DB ] INIT mysql
[ info ] [ LOG ] INIT File
[ sql ] [ DB ] CONNECT:[ UseTime:0.011000s ] mysql:host=127.0.0.1;port=3306;dbname=gmsh;charset=utf8
[ sql ] [ SQL ] SHOW COLUMNS FROM `gm_admin` [ RunTime:0.034002s ]
[ sql ] [ SQL ] SELECT * FROM `gm_admin` WHERE  `username` = 'gmadmin' LIMIT 1 [ RunTime:0.001000s ]
[ sql ] [ SQL ] UPDATE `gm_admin`  SET `ip`='127.0.0.1',`last_time`='2018-02-13 09:49:14'  WHERE  `username` = 'gmadmin' [ RunTime:0.001000s ]
---------------------------------------------------------------
[ 2018-02-13T21:49:14+08:00 ] 127.0.0.1 GET /index.php/admin/index/index.html
[ info ] test.gmsh.com/index.php/admin/index/index.html [运行时间：0.045003s][吞吐率：22.22req/s] [内存消耗：1,471.27kb] [文件加载：49]
[ info ] [ LANG ] E:\new_gmsh\thinkphp\lang\zh-cn.php
[ info ] [ ROUTE ] array (
  'type' => 'module',
  'module' => 
  array (
    0 => 'admin',
    1 => 'index',
    2 => 'index',
  ),
)
[ info ] [ HEADER ] array (
  'cookie' => 'thinkphp_show_page_trace=0|0; pgv_pvi=2862968832; PHPSESSID=omsmsni0ag911movlkvipfamr2; pgv_si=s9107524608; thinkphp_show_page_trace=0|0; Hm_lvt_080836300300be57b7f34f4b3e97d911=1518269947,1518351768,1518411014,1518499326; Hm_lpvt_080836300300be57b7f34f4b3e97d911=1518529745; admin=think%3A%7B%22id%22%3A%221%22%2C%22username%22%3A%22gmadmin%22%2C%22password%22%3A%2226d2b97525389a472c5a1c0413fb5e5f%22%2C%22role_id%22%3Anull%2C%22ip%22%3A%22127.0.0.1%22%2C%22last_time%22%3A%222018-02-13%2B01%253A22%253A22%22%2C%22rand_str%22%3A%22IXCTcR%22%7D',
  'accept-language' => 'zh-CN,zh;q=0.8',
  'accept-encoding' => 'gzip, deflate, sdch',
  'referer' => 'http://test.gmsh.com/index.php/admin/login/index.html',
  'accept' => 'text/html,application/xhtml+xml,application/xml;q=0.9,image/webp,*/*;q=0.8',
  'user-agent' => 'Mozilla/5.0 (Windows NT 6.1; Win64; x64) AppleWebKit/537.36 (KHTML, like Gecko) Chrome/56.0.2924.87 Safari/537.36',
  'upgrade-insecure-requests' => '1',
  'cache-control' => 'no-cache',
  'pragma' => 'no-cache',
  'connection' => 'keep-alive',
  'host' => 'test.gmsh.com',
  'content-length' => '',
  'content-type' => '',
)
[ info ] [ PARAM ] array (
)
[ info ] [ SESSION ] INIT array (
  'id' => '',
  'var_session_id' => '',
  'prefix' => 'think',
  'type' => '',
  'auto_start' => true,
)
[ info ] [ RUN ] app\admin\controller\Index->index[ E:\new_gmsh\application\admin\controller\Index.php ]
[ info ] [ VIEW ] E:\new_gmsh\public/../application/admin\view\index\index.html [ array (
) ]
[ info ] [ LOG ] INIT File
---------------------------------------------------------------
[ 2018-02-13T21:49:14+08:00 ] 127.0.0.1 GET /index.php/admin/index/welcome.html
[ info ] test.gmsh.com/index.php/admin/index/welcome.html [运行时间：0.054003s][吞吐率：18.52req/s] [内存消耗：1,405.60kb] [文件加载：48]
[ info ] [ LANG ] E:\new_gmsh\thinkphp\lang\zh-cn.php
[ info ] [ ROUTE ] array (
  'type' => 'module',
  'module' => 
  array (
    0 => 'admin',
    1 => 'index',
    2 => 'welcome',
  ),
)
[ info ] [ HEADER ] array (
  'cookie' => 'thinkphp_show_page_trace=0|0; pgv_pvi=2862968832; PHPSESSID=omsmsni0ag911movlkvipfamr2; pgv_si=s9107524608; thinkphp_show_page_trace=0|0; Hm_lvt_080836300300be57b7f34f4b3e97d911=1518269947,1518351768,1518411014,1518499326; Hm_lpvt_080836300300be57b7f34f4b3e97d911=1518529745; admin=think%3A%7B%22id%22%3A%221%22%2C%22username%22%3A%22gmadmin%22%2C%22password%22%3A%2226d2b97525389a472c5a1c0413fb5e5f%22%2C%22role_id%22%3Anull%2C%22ip%22%3A%22127.0.0.1%22%2C%22last_time%22%3A%222018-02-13%2B01%253A22%253A22%22%2C%22rand_str%22%3A%22IXCTcR%22%7D',
  'accept-language' => 'zh-CN,zh;q=0.8',
  'accept-encoding' => 'gzip, deflate, sdch',
  'referer' => 'http://test.gmsh.com/index.php/admin/index/index.html',
  'accept' => 'text/html,application/xhtml+xml,application/xml;q=0.9,image/webp,*/*;q=0.8',
  'user-agent' => 'Mozilla/5.0 (Windows NT 6.1; Win64; x64) AppleWebKit/537.36 (KHTML, like Gecko) Chrome/56.0.2924.87 Safari/537.36',
  'upgrade-insecure-requests' => '1',
  'cache-control' => 'no-cache',
  'pragma' => 'no-cache',
  'connection' => 'keep-alive',
  'host' => 'test.gmsh.com',
  'content-length' => '',
  'content-type' => '',
)
[ info ] [ PARAM ] array (
)
[ info ] [ SESSION ] INIT array (
  'id' => '',
  'var_session_id' => '',
  'prefix' => 'think',
  'type' => '',
  'auto_start' => true,
)
[ info ] [ RUN ] app\admin\controller\Index->welcome[ E:\new_gmsh\application\admin\controller\Index.php ]
[ info ] [ VIEW ] E:\new_gmsh\public/../application/admin\view\index\welcome.html [ array (
) ]
[ info ] [ LOG ] INIT File
---------------------------------------------------------------
[ 2018-02-13T21:49:19+08:00 ] 127.0.0.1 GET /index.php/admin/goods/good_list.html
[ info ] test.gmsh.com/index.php/admin/goods/good_list.html [运行时间：0.232013s][吞吐率：4.31req/s] [内存消耗：2,408.80kb] [文件加载：56]
[ info ] [ LANG ] E:\new_gmsh\thinkphp\lang\zh-cn.php
[ info ] [ ROUTE ] array (
  'type' => 'module',
  'module' => 
  array (
    0 => 'admin',
    1 => 'goods',
    2 => 'good_list',
  ),
)
[ info ] [ HEADER ] array (
  'cookie' => 'thinkphp_show_page_trace=0|0; pgv_pvi=2862968832; PHPSESSID=omsmsni0ag911movlkvipfamr2; pgv_si=s9107524608; thinkphp_show_page_trace=0|0; Hm_lvt_080836300300be57b7f34f4b3e97d911=1518269947,1518351768,1518411014,1518499326; Hm_lpvt_080836300300be57b7f34f4b3e97d911=1518529745; admin=think%3A%7B%22id%22%3A%221%22%2C%22username%22%3A%22gmadmin%22%2C%22password%22%3A%2226d2b97525389a472c5a1c0413fb5e5f%22%2C%22role_id%22%3Anull%2C%22ip%22%3A%22127.0.0.1%22%2C%22last_time%22%3A%222018-02-13%2B01%253A22%253A22%22%2C%22rand_str%22%3A%22IXCTcR%22%7D',
  'accept-language' => 'zh-CN,zh;q=0.8',
  'accept-encoding' => 'gzip, deflate, sdch',
  'referer' => 'http://test.gmsh.com/index.php/admin/index/index.html',
  'accept' => 'text/html,application/xhtml+xml,application/xml;q=0.9,image/webp,*/*;q=0.8',
  'user-agent' => 'Mozilla/5.0 (Windows NT 6.1; Win64; x64) AppleWebKit/537.36 (KHTML, like Gecko) Chrome/56.0.2924.87 Safari/537.36',
  'upgrade-insecure-requests' => '1',
  'cache-control' => 'no-cache',
  'pragma' => 'no-cache',
  'connection' => 'keep-alive',
  'host' => 'test.gmsh.com',
  'content-length' => '',
  'content-type' => '',
)
[ info ] [ PARAM ] array (
)
[ info ] [ SESSION ] INIT array (
  'id' => '',
  'var_session_id' => '',
  'prefix' => 'think',
  'type' => '',
  'auto_start' => true,
)
[ info ] [ RUN ] app\admin\controller\Goods->good_list[ E:\new_gmsh\application\admin\controller\Goods.php ]
[ info ] [ DB ] INIT mysql
[ info ] [ VIEW ] E:\new_gmsh\public/../application/admin\view\goods\good_list.html [ array (
  0 => 'type',
  1 => 'goods',
) ]
[ info ] [ LOG ] INIT File
[ sql ] [ DB ] CONNECT:[ UseTime:0.011001s ] mysql:host=127.0.0.1;port=3306;dbname=gmsh;charset=utf8
[ sql ] [ SQL ] SHOW COLUMNS FROM `gm_goods_type` [ RunTime:0.044002s ]
[ sql ] [ SQL ] SELECT * FROM `gm_goods_type` ORDER BY `path` [ RunTime:0.002000s ]
[ sql ] [ SQL ] SHOW COLUMNS FROM `gm_goods` [ RunTime:0.052003s ]
[ sql ] [ SQL ] SELECT * FROM `gm_goods` [ RunTime:0.003000s ]
[ sql ] [ SQL ] SHOW COLUMNS FROM `gm_good_attribute` [ RunTime:0.047003s ]
[ sql ] [ SQL ] SELECT `name` FROM `gm_good_attribute` WHERE  `id` = 13 LIMIT 1 [ RunTime:0.001000s ]
[ sql ] [ SQL ] SELECT `name` FROM `gm_good_attribute` WHERE  `id` = 13 LIMIT 1 [ RunTime:0.000000s ]
[ sql ] [ SQL ] SELECT `name` FROM `gm_good_attribute` WHERE  `id` = 13 LIMIT 1 [ RunTime:0.000000s ]
[ sql ] [ SQL ] SELECT `name` FROM `gm_goods_type` WHERE  `id` = 38 LIMIT 1 [ RunTime:0.000000s ]
[ sql ] [ SQL ] SELECT `name` FROM `gm_goods_type` WHERE  `id` = 38 LIMIT 1 [ RunTime:0.000000s ]
[ sql ] [ SQL ] SELECT `name` FROM `gm_goods_type` WHERE  `id` = 39 LIMIT 1 [ RunTime:0.000000s ]
---------------------------------------------------------------
[ 2018-02-13T21:49:19+08:00 ] 127.0.0.1 GET /index.php/admin/goods/0
[ info ] test.gmsh.com/index.php/admin/goods/0 [运行时间：0.058003s][吞吐率：17.24req/s] [内存消耗：1,312.63kb] [文件加载：47]
[ info ] [ LANG ] E:\new_gmsh\thinkphp\lang\zh-cn.php
[ info ] [ ROUTE ] array (
  'type' => 'module',
  'module' => 
  array (
    0 => 'admin',
    1 => 'goods',
    2 => '0',
  ),
)
[ info ] [ HEADER ] array (
  'cookie' => 'thinkphp_show_page_trace=0|0; pgv_pvi=2862968832; PHPSESSID=omsmsni0ag911movlkvipfamr2; pgv_si=s9107524608; thinkphp_show_page_trace=0|0; Hm_lvt_080836300300be57b7f34f4b3e97d911=1518269947,1518351768,1518411014,1518499326; Hm_lpvt_080836300300be57b7f34f4b3e97d911=1518529745; admin=think%3A%7B%22id%22%3A%221%22%2C%22username%22%3A%22gmadmin%22%2C%22password%22%3A%2226d2b97525389a472c5a1c0413fb5e5f%22%2C%22role_id%22%3Anull%2C%22ip%22%3A%22127.0.0.1%22%2C%22last_time%22%3A%222018-02-13%2B01%253A22%253A22%22%2C%22rand_str%22%3A%22IXCTcR%22%7D',
  'accept-language' => 'zh-CN,zh;q=0.8',
  'accept-encoding' => 'gzip, deflate, sdch',
  'referer' => 'http://test.gmsh.com/index.php/admin/goods/good_list.html',
  'accept' => 'image/webp,image/*,*/*;q=0.8',
  'user-agent' => 'Mozilla/5.0 (Windows NT 6.1; Win64; x64) AppleWebKit/537.36 (KHTML, like Gecko) Chrome/56.0.2924.87 Safari/537.36',
  'cache-control' => 'no-cache',
  'pragma' => 'no-cache',
  'connection' => 'keep-alive',
  'host' => 'test.gmsh.com',
  'content-length' => '',
  'content-type' => '',
)
[ info ] [ PARAM ] array (
)
[ info ] [ SESSION ] INIT array (
  'id' => '',
  'var_session_id' => '',
  'prefix' => 'think',
  'type' => '',
  'auto_start' => true,
)
[ info ] [ RUN ] app\admin\controller\Goods->index[ E:\new_gmsh\application\admin\controller\Goods.php ]
[ info ] [ LOG ] INIT File
[ error ] [0]模板文件不存在:E:\new_gmsh\public/../application/admin\view\goods\index.html[E:\new_gmsh\thinkphp\library\think\view\driver\Think.php:80]
---------------------------------------------------------------
[ 2018-02-13T21:49:22+08:00 ] 127.0.0.1 GET /index.php/admin/goods/good_edit/id/3.html
[ info ] test.gmsh.com/index.php/admin/goods/good_edit/id/3.html [运行时间：0.260015s][吞吐率：3.85req/s] [内存消耗：2,189.20kb] [文件加载：53]
[ info ] [ LANG ] E:\new_gmsh\thinkphp\lang\zh-cn.php
[ info ] [ ROUTE ] array (
  'type' => 'module',
  'module' => 
  array (
    0 => 'admin',
    1 => 'goods',
    2 => 'good_edit',
  ),
)
[ info ] [ HEADER ] array (
  'cookie' => 'thinkphp_show_page_trace=0|0; thinkphp_show_page_trace=0|0; pgv_pvi=2862968832; PHPSESSID=omsmsni0ag911movlkvipfamr2; pgv_si=s9107524608; thinkphp_show_page_trace=0|0; Hm_lvt_080836300300be57b7f34f4b3e97d911=1518269947,1518351768,1518411014,1518499326; Hm_lpvt_080836300300be57b7f34f4b3e97d911=1518529745; admin=think%3A%7B%22id%22%3A%221%22%2C%22username%22%3A%22gmadmin%22%2C%22password%22%3A%2226d2b97525389a472c5a1c0413fb5e5f%22%2C%22role_id%22%3Anull%2C%22ip%22%3A%22127.0.0.1%22%2C%22last_time%22%3A%222018-02-13%2B01%253A22%253A22%22%2C%22rand_str%22%3A%22IXCTcR%22%7D',
  'accept-language' => 'zh-CN,zh;q=0.8',
  'accept-encoding' => 'gzip, deflate, sdch',
  'referer' => 'http://test.gmsh.com/index.php/admin/goods/good_list.html',
  'accept' => 'text/html,application/xhtml+xml,application/xml;q=0.9,image/webp,*/*;q=0.8',
  'user-agent' => 'Mozilla/5.0 (Windows NT 6.1; Win64; x64) AppleWebKit/537.36 (KHTML, like Gecko) Chrome/56.0.2924.87 Safari/537.36',
  'upgrade-insecure-requests' => '1',
  'cache-control' => 'no-cache',
  'pragma' => 'no-cache',
  'connection' => 'keep-alive',
  'host' => 'test.gmsh.com',
  'content-length' => '',
  'content-type' => '',
)
[ info ] [ PARAM ] array (
  'id' => '3',
)
[ info ] [ SESSION ] INIT array (
  'id' => '',
  'var_session_id' => '',
  'prefix' => 'think',
  'type' => '',
  'auto_start' => true,
)
[ info ] [ RUN ] app\admin\controller\Goods->good_edit[ E:\new_gmsh\application\admin\controller\Goods.php ]
[ info ] [ DB ] INIT mysql
[ info ] [ VIEW ] E:\new_gmsh\public/../application/admin\view\goods\good_edit.html [ array (
  0 => 'good',
  1 => 'type',
  2 => 'send',
  3 => 'attribute',
) ]
[ info ] [ LOG ] INIT File
[ sql ] [ DB ] CONNECT:[ UseTime:0.010001s ] mysql:host=127.0.0.1;port=3306;dbname=gmsh;charset=utf8
[ sql ] [ SQL ] SHOW COLUMNS FROM `gm_goods` [ RunTime:0.035002s ]
[ sql ] [ SQL ] SELECT * FROM `gm_goods` WHERE  `id` = 3 LIMIT 1 [ RunTime:0.001000s ]
[ sql ] [ SQL ] SHOW COLUMNS FROM `gm_goods_type` [ RunTime:0.047003s ]
[ sql ] [ SQL ] SELECT * FROM `gm_goods_type` ORDER BY `path` [ RunTime:0.000000s ]
[ sql ] [ SQL ] SHOW COLUMNS FROM `gm_vip_level` [ RunTime:0.038002s ]
[ sql ] [ SQL ] SELECT * FROM `gm_vip_level` [ RunTime:0.001000s ]
[ sql ] [ SQL ] SHOW COLUMNS FROM `gm_good_attribute` [ RunTime:0.039003s ]
[ sql ] [ SQL ] SELECT * FROM `gm_good_attribute` [ RunTime:0.001000s ]
---------------------------------------------------------------
[ 2018-02-13T21:49:24+08:00 ] 127.0.0.1 GET /index.php/admin/goods/good_edit/id/
[ info ] test.gmsh.com/index.php/admin/goods/good_edit/id/ [运行时间：0.052003s][吞吐率：19.23req/s] [内存消耗：1,304.36kb] [文件加载：46]
[ info ] [ LANG ] E:\new_gmsh\thinkphp\lang\zh-cn.php
[ info ] [ ROUTE ] array (
  'type' => 'module',
  'module' => 
  array (
    0 => 'admin',
    1 => 'goods',
    2 => 'good_edit',
  ),
)
[ info ] [ HEADER ] array (
  'cookie' => 'thinkphp_show_page_trace=0|0; thinkphp_show_page_trace=0|0; pgv_pvi=2862968832; PHPSESSID=omsmsni0ag911movlkvipfamr2; pgv_si=s9107524608; thinkphp_show_page_trace=0|0; Hm_lvt_080836300300be57b7f34f4b3e97d911=1518269947,1518351768,1518411014,1518499326; Hm_lpvt_080836300300be57b7f34f4b3e97d911=1518529745; admin=think%3A%7B%22id%22%3A%221%22%2C%22username%22%3A%22gmadmin%22%2C%22password%22%3A%2226d2b97525389a472c5a1c0413fb5e5f%22%2C%22role_id%22%3Anull%2C%22ip%22%3A%22127.0.0.1%22%2C%22last_time%22%3A%222018-02-13%2B01%253A22%253A22%22%2C%22rand_str%22%3A%22IXCTcR%22%7D',
  'accept-language' => 'zh-CN,zh;q=0.8',
  'accept-encoding' => 'gzip, deflate, sdch',
  'referer' => 'http://test.gmsh.com/index.php/admin/goods/good_edit/id/3.html',
  'accept' => '*/*',
  'user-agent' => 'Mozilla/5.0 (Windows NT 6.1; Win64; x64) AppleWebKit/537.36 (KHTML, like Gecko) Chrome/56.0.2924.87 Safari/537.36',
  'x-requested-with' => 'ShockwaveFlash/26.0.0.151',
  'cache-control' => 'no-cache',
  'pragma' => 'no-cache',
  'connection' => 'keep-alive',
  'host' => 'test.gmsh.com',
  'content-length' => '',
  'content-type' => '',
)
[ info ] [ PARAM ] array (
)
[ info ] [ SESSION ] INIT array (
  'id' => '',
  'var_session_id' => '',
  'prefix' => 'think',
  'type' => '',
  'auto_start' => true,
)
[ info ] [ LOG ] INIT File
[ error ] [0]方法参数错误:id[E:\new_gmsh\thinkphp\library\think\App.php:431]
---------------------------------------------------------------
[ 2018-02-13T21:50:26+08:00 ] 127.0.0.1 GET /index.php/admin/goods/good_edit/id/3.html
[ info ] test.gmsh.com/index.php/admin/goods/good_edit/id/3.html [运行时间：0.261015s][吞吐率：3.83req/s] [内存消耗：2,189.20kb] [文件加载：53]
[ info ] [ LANG ] E:\new_gmsh\thinkphp\lang\zh-cn.php
[ info ] [ ROUTE ] array (
  'type' => 'module',
  'module' => 
  array (
    0 => 'admin',
    1 => 'goods',
    2 => 'good_edit',
  ),
)
[ info ] [ HEADER ] array (
  'cookie' => 'thinkphp_show_page_trace=0|0; thinkphp_show_page_trace=0|0; pgv_pvi=2862968832; PHPSESSID=omsmsni0ag911movlkvipfamr2; pgv_si=s9107524608; thinkphp_show_page_trace=0|0; Hm_lvt_080836300300be57b7f34f4b3e97d911=1518269947,1518351768,1518411014,1518499326; Hm_lpvt_080836300300be57b7f34f4b3e97d911=1518529745; admin=think%3A%7B%22id%22%3A%221%22%2C%22username%22%3A%22gmadmin%22%2C%22password%22%3A%2226d2b97525389a472c5a1c0413fb5e5f%22%2C%22role_id%22%3Anull%2C%22ip%22%3A%22127.0.0.1%22%2C%22last_time%22%3A%222018-02-13%2B01%253A22%253A22%22%2C%22rand_str%22%3A%22IXCTcR%22%7D',
  'accept-language' => 'zh-CN,zh;q=0.8',
  'accept-encoding' => 'gzip, deflate, sdch',
  'referer' => 'http://test.gmsh.com/index.php/admin/goods/good_list.html',
  'accept' => 'text/html,application/xhtml+xml,application/xml;q=0.9,image/webp,*/*;q=0.8',
  'user-agent' => 'Mozilla/5.0 (Windows NT 6.1; Win64; x64) AppleWebKit/537.36 (KHTML, like Gecko) Chrome/56.0.2924.87 Safari/537.36',
  'upgrade-insecure-requests' => '1',
  'cache-control' => 'no-cache',
  'pragma' => 'no-cache',
  'connection' => 'keep-alive',
  'host' => 'test.gmsh.com',
  'content-length' => '',
  'content-type' => '',
)
[ info ] [ PARAM ] array (
  'id' => '3',
)
[ info ] [ SESSION ] INIT array (
  'id' => '',
  'var_session_id' => '',
  'prefix' => 'think',
  'type' => '',
  'auto_start' => true,
)
[ info ] [ RUN ] app\admin\controller\Goods->good_edit[ E:\new_gmsh\application\admin\controller\Goods.php ]
[ info ] [ DB ] INIT mysql
[ info ] [ VIEW ] E:\new_gmsh\public/../application/admin\view\goods\good_edit.html [ array (
  0 => 'good',
  1 => 'type',
  2 => 'send',
  3 => 'attribute',
) ]
[ info ] [ LOG ] INIT File
[ sql ] [ DB ] CONNECT:[ UseTime:0.011000s ] mysql:host=127.0.0.1;port=3306;dbname=gmsh;charset=utf8
[ sql ] [ SQL ] SHOW COLUMNS FROM `gm_goods` [ RunTime:0.033002s ]
[ sql ] [ SQL ] SELECT * FROM `gm_goods` WHERE  `id` = 3 LIMIT 1 [ RunTime:0.002000s ]
[ sql ] [ SQL ] SHOW COLUMNS FROM `gm_goods_type` [ RunTime:0.044003s ]
[ sql ] [ SQL ] SELECT * FROM `gm_goods_type` ORDER BY `path` [ RunTime:0.002000s ]
[ sql ] [ SQL ] SHOW COLUMNS FROM `gm_vip_level` [ RunTime:0.041002s ]
[ sql ] [ SQL ] SELECT * FROM `gm_vip_level` [ RunTime:0.001000s ]
[ sql ] [ SQL ] SHOW COLUMNS FROM `gm_good_attribute` [ RunTime:0.040003s ]
[ sql ] [ SQL ] SELECT * FROM `gm_good_attribute` [ RunTime:0.001000s ]
---------------------------------------------------------------
[ 2018-02-13T21:50:28+08:00 ] 127.0.0.1 GET /index.php/admin/goods/good_edit/id/
[ info ] test.gmsh.com/index.php/admin/goods/good_edit/id/ [运行时间：0.057003s][吞吐率：17.54req/s] [内存消耗：1,304.36kb] [文件加载：46]
[ info ] [ LANG ] E:\new_gmsh\thinkphp\lang\zh-cn.php
[ info ] [ ROUTE ] array (
  'type' => 'module',
  'module' => 
  array (
    0 => 'admin',
    1 => 'goods',
    2 => 'good_edit',
  ),
)
[ info ] [ HEADER ] array (
  'cookie' => 'thinkphp_show_page_trace=0|0; thinkphp_show_page_trace=0|0; pgv_pvi=2862968832; PHPSESSID=omsmsni0ag911movlkvipfamr2; pgv_si=s9107524608; thinkphp_show_page_trace=0|0; Hm_lvt_080836300300be57b7f34f4b3e97d911=1518269947,1518351768,1518411014,1518499326; Hm_lpvt_080836300300be57b7f34f4b3e97d911=1518529745; admin=think%3A%7B%22id%22%3A%221%22%2C%22username%22%3A%22gmadmin%22%2C%22password%22%3A%2226d2b97525389a472c5a1c0413fb5e5f%22%2C%22role_id%22%3Anull%2C%22ip%22%3A%22127.0.0.1%22%2C%22last_time%22%3A%222018-02-13%2B01%253A22%253A22%22%2C%22rand_str%22%3A%22IXCTcR%22%7D',
  'accept-language' => 'zh-CN,zh;q=0.8',
  'accept-encoding' => 'gzip, deflate, sdch',
  'referer' => 'http://test.gmsh.com/index.php/admin/goods/good_edit/id/3.html',
  'accept' => '*/*',
  'user-agent' => 'Mozilla/5.0 (Windows NT 6.1; Win64; x64) AppleWebKit/537.36 (KHTML, like Gecko) Chrome/56.0.2924.87 Safari/537.36',
  'x-requested-with' => 'ShockwaveFlash/26.0.0.151',
  'cache-control' => 'no-cache',
  'pragma' => 'no-cache',
  'connection' => 'keep-alive',
  'host' => 'test.gmsh.com',
  'content-length' => '',
  'content-type' => '',
)
[ info ] [ PARAM ] array (
)
[ info ] [ SESSION ] INIT array (
  'id' => '',
  'var_session_id' => '',
  'prefix' => 'think',
  'type' => '',
  'auto_start' => true,
)
[ info ] [ LOG ] INIT File
[ error ] [0]方法参数错误:id[E:\new_gmsh\thinkphp\library\think\App.php:431]
---------------------------------------------------------------
[ 2018-02-13T22:01:10+08:00 ] 127.0.0.1 GET /index.php/admin/goods/good_edit/id/3.html
[ info ] test.gmsh.com/index.php/admin/goods/good_edit/id/3.html [运行时间：0.194011s][吞吐率：5.15req/s] [内存消耗：2,187.30kb] [文件加载：53]
[ info ] [ LANG ] E:\new_gmsh\thinkphp\lang\zh-cn.php
[ info ] [ ROUTE ] array (
  'type' => 'module',
  'module' => 
  array (
    0 => 'admin',
    1 => 'goods',
    2 => 'good_edit',
  ),
)
[ info ] [ HEADER ] array (
  'cookie' => 'thinkphp_show_page_trace=0|0; thinkphp_show_page_trace=0|0; pgv_pvi=2862968832; PHPSESSID=omsmsni0ag911movlkvipfamr2; pgv_si=s9107524608; thinkphp_show_page_trace=0|0; Hm_lvt_080836300300be57b7f34f4b3e97d911=1518269947,1518351768,1518411014,1518499326; Hm_lpvt_080836300300be57b7f34f4b3e97d911=1518529745; admin=think%3A%7B%22id%22%3A%221%22%2C%22username%22%3A%22gmadmin%22%2C%22password%22%3A%2226d2b97525389a472c5a1c0413fb5e5f%22%2C%22role_id%22%3Anull%2C%22ip%22%3A%22127.0.0.1%22%2C%22last_time%22%3A%222018-02-13%2B01%253A22%253A22%22%2C%22rand_str%22%3A%22IXCTcR%22%7D',
  'accept-language' => 'zh-CN,zh;q=0.8',
  'accept-encoding' => 'gzip, deflate, sdch',
  'referer' => 'http://test.gmsh.com/index.php/admin/goods/good_list.html',
  'accept' => 'text/html,application/xhtml+xml,application/xml;q=0.9,image/webp,*/*;q=0.8',
  'user-agent' => 'Mozilla/5.0 (Windows NT 6.1; Win64; x64) AppleWebKit/537.36 (KHTML, like Gecko) Chrome/56.0.2924.87 Safari/537.36',
  'upgrade-insecure-requests' => '1',
  'cache-control' => 'no-cache',
  'pragma' => 'no-cache',
  'connection' => 'keep-alive',
  'host' => 'test.gmsh.com',
  'content-length' => '',
  'content-type' => '',
)
[ info ] [ PARAM ] array (
  'id' => '3',
)
[ info ] [ SESSION ] INIT array (
  'id' => '',
  'var_session_id' => '',
  'prefix' => 'think',
  'type' => '',
  'auto_start' => true,
)
[ info ] [ RUN ] app\admin\controller\Goods->good_edit[ E:\new_gmsh\application\admin\controller\Goods.php ]
[ info ] [ DB ] INIT mysql
[ info ] [ VIEW ] E:\new_gmsh\public/../application/admin\view\goods\good_edit.html [ array (
  0 => 'good',
  1 => 'type',
  2 => 'send',
  3 => 'attribute',
) ]
[ info ] [ LOG ] INIT File
[ sql ] [ DB ] CONNECT:[ UseTime:0.001000s ] mysql:host=127.0.0.1;port=3306;dbname=gmsh;charset=utf8
[ sql ] [ SQL ] SHOW COLUMNS FROM `gm_goods` [ RunTime:0.016001s ]
[ sql ] [ SQL ] SELECT * FROM `gm_goods` WHERE  `id` = 3 LIMIT 1 [ RunTime:0.002000s ]
[ sql ] [ SQL ] SHOW COLUMNS FROM `gm_goods_type` [ RunTime:0.034002s ]
[ sql ] [ SQL ] SELECT * FROM `gm_goods_type` ORDER BY `path` [ RunTime:0.001000s ]
[ sql ] [ SQL ] SHOW COLUMNS FROM `gm_vip_level` [ RunTime:0.029002s ]
[ sql ] [ SQL ] SELECT * FROM `gm_vip_level` [ RunTime:0.001000s ]
[ sql ] [ SQL ] SHOW COLUMNS FROM `gm_good_attribute` [ RunTime:0.035002s ]
[ sql ] [ SQL ] SELECT * FROM `gm_good_attribute` [ RunTime:0.000000s ]
---------------------------------------------------------------
[ 2018-02-13T22:01:12+08:00 ] 127.0.0.1 GET /index.php/admin/goods/good_edit/id/
[ info ] test.gmsh.com/index.php/admin/goods/good_edit/id/ [运行时间：0.053003s][吞吐率：18.87req/s] [内存消耗：1,304.36kb] [文件加载：46]
[ info ] [ LANG ] E:\new_gmsh\thinkphp\lang\zh-cn.php
[ info ] [ ROUTE ] array (
  'type' => 'module',
  'module' => 
  array (
    0 => 'admin',
    1 => 'goods',
    2 => 'good_edit',
  ),
)
[ info ] [ HEADER ] array (
  'cookie' => 'thinkphp_show_page_trace=0|0; thinkphp_show_page_trace=0|0; pgv_pvi=2862968832; PHPSESSID=omsmsni0ag911movlkvipfamr2; pgv_si=s9107524608; thinkphp_show_page_trace=0|0; Hm_lvt_080836300300be57b7f34f4b3e97d911=1518269947,1518351768,1518411014,1518499326; Hm_lpvt_080836300300be57b7f34f4b3e97d911=1518529745; admin=think%3A%7B%22id%22%3A%221%22%2C%22username%22%3A%22gmadmin%22%2C%22password%22%3A%2226d2b97525389a472c5a1c0413fb5e5f%22%2C%22role_id%22%3Anull%2C%22ip%22%3A%22127.0.0.1%22%2C%22last_time%22%3A%222018-02-13%2B01%253A22%253A22%22%2C%22rand_str%22%3A%22IXCTcR%22%7D',
  'accept-language' => 'zh-CN,zh;q=0.8',
  'accept-encoding' => 'gzip, deflate, sdch',
  'referer' => 'http://test.gmsh.com/index.php/admin/goods/good_edit/id/3.html',
  'accept' => '*/*',
  'user-agent' => 'Mozilla/5.0 (Windows NT 6.1; Win64; x64) AppleWebKit/537.36 (KHTML, like Gecko) Chrome/56.0.2924.87 Safari/537.36',
  'x-requested-with' => 'ShockwaveFlash/26.0.0.151',
  'cache-control' => 'no-cache',
  'pragma' => 'no-cache',
  'connection' => 'keep-alive',
  'host' => 'test.gmsh.com',
  'content-length' => '',
  'content-type' => '',
)
[ info ] [ PARAM ] array (
)
[ info ] [ SESSION ] INIT array (
  'id' => '',
  'var_session_id' => '',
  'prefix' => 'think',
  'type' => '',
  'auto_start' => true,
)
[ info ] [ LOG ] INIT File
[ error ] [0]方法参数错误:id[E:\new_gmsh\thinkphp\library\think\App.php:431]
---------------------------------------------------------------
[ 2018-02-13T22:36:38+08:00 ] 127.0.0.1 GET /
[ info ] test.gmsh.com/ [运行时间：0.042006s][吞吐率：23.81req/s] [内存消耗：1,038.90kb] [文件加载：36]
[ info ] [ LANG ] E:\new_gmsh\thinkphp\lang\zh-cn.php
[ info ] [ ROUTE ] array (
  'type' => 'module',
  'module' => 
  array (
    0 => '',
    1 => NULL,
    2 => NULL,
  ),
)
[ info ] [ HEADER ] array (
  'cookie' => 'pgv_pvi=2862968832; PHPSESSID=omsmsni0ag911movlkvipfamr2; pgv_si=s9107524608; thinkphp_show_page_trace=0|0; Hm_lvt_080836300300be57b7f34f4b3e97d911=1518269947,1518351768,1518411014,1518499326; Hm_lpvt_080836300300be57b7f34f4b3e97d911=1518529745; admin=think%3A%7B%22id%22%3A%221%22%2C%22username%22%3A%22gmadmin%22%2C%22password%22%3A%2226d2b97525389a472c5a1c0413fb5e5f%22%2C%22role_id%22%3Anull%2C%22ip%22%3A%22127.0.0.1%22%2C%22last_time%22%3A%222018-02-13%2B01%253A22%253A22%22%2C%22rand_str%22%3A%22IXCTcR%22%7D',
  'accept-language' => 'zh-CN,zh;q=0.8',
  'accept-encoding' => 'gzip, deflate, sdch',
  'accept' => 'text/html,application/xhtml+xml,application/xml;q=0.9,image/webp,*/*;q=0.8',
  'user-agent' => 'Mozilla/5.0 (Windows NT 6.1; Win64; x64) AppleWebKit/537.36 (KHTML, like Gecko) Chrome/56.0.2924.87 Safari/537.36',
  'upgrade-insecure-requests' => '1',
  'connection' => 'keep-alive',
  'host' => 'test.gmsh.com',
  'content-length' => '',
  'content-type' => '',
)
[ info ] [ PARAM ] array (
)
[ info ] [ RUN ] app\index\controller\Index->index[ E:\new_gmsh\application\index\controller\Index.php ]
[ info ] [ LOG ] INIT File
